#
# A fatal error has been detected by the Java Runtime Environment:
#
#  Internal Error (./open/src/hotspot/share/oops/generateOopMap.cpp:2170), pid=24436, tid=20500
#  fatal error: Illegal class file encountered. Try running with -Xverify:all in method selectingLnaguageFromSeleniumSite
#
# JRE version: Java(TM) SE Runtime Environment 18.9 (11.0.18+9) (build 11.0.18+9-LTS-195)
# Java VM: Java HotSpot(TM) 64-Bit Server VM 18.9 (11.0.18+9-LTS-195, mixed mode, tiered, compressed oops, g1 gc, windows-amd64)
# No core dump will be written. Minidumps are not enabled by default on client versions of Windows
#
# If you would like to submit a bug report, please visit:
#   https://bugreport.java.com/bugreport/crash.jsp
#

---------------  S U M M A R Y ------------

Command Line: -agentlib:jdwp=transport=dt_socket,suspend=y,address=localhost:65283 -ea -Dfile.encoding=UTF-8 org.testng.remote.RemoteTestNG -serport 65281 -protocol json -d C:\Users\abhij\OneDrive\Documents\Eclipse_Workspace\TestNGframework\test-output C:\Users\abhij\AppData\Local\Temp\testng-eclipse-606857541\testng-customsuite.xml

Host: AMD Ryzen 3 3200U with Radeon Vega Mobile Gfx  , 4 cores, 3G,  Windows 11 , 64 bit Build 22621 (10.0.22621.1778)
Time: Wed Jul 12 23:05:09 2023 India Standard Time elapsed time: 5069.968883 seconds (0d 1h 24m 29s)

---------------  T H R E A D  ---------------

Current thread (0x0000022efe746000):  VMThread "VM Thread" [stack: 0x000000c068d00000,0x000000c068e00000] [id=20500]

Stack: [0x000000c068d00000,0x000000c068e00000]
[error occurred during error reporting (printing stack bounds), id 0xc0000005, EXCEPTION_ACCESS_VIOLATION (0xc0000005) at pc=0x0000022eeaa30f2d]

Native frames: (J=compiled Java code, j=interpreted, Vv=VM code, C=native code)
V  [jvm.dll+0x65d8aa]
V  [jvm.dll+0x79fc1f]
V  [jvm.dll+0x7a12e9]
V  [jvm.dll+0x7a18e5]
V  [jvm.dll+0x7a189b]
V  [jvm.dll+0x65cdb3]
V  [jvm.dll+0x65d4a8]
C  [ntdll.dll+0xa3cff]
C  [ntdll.dll+0x1e456]
C  [ntdll.dll+0xa2cee]
C  0x0000022eeaa30f2d

VM_Operation (0x000000c0696ff360): GetOrSetLocal, mode: safepoint, requested by thread 0x0000022efea67800


---------------  P R O C E S S  ---------------

Threads class SMR info:
_java_thread_list=0x0000022e80c26a00, length=24, elements={
0x0000022ee3364800, 0x0000022efe76e800, 0x0000022efe777800, 0x0000022efe7c5800,
0x0000022efe7c9800, 0x0000022efe7ca800, 0x0000022efe7d1000, 0x0000022efe920800,
0x0000022efe7fe000, 0x0000022efea67800, 0x0000022efea69000, 0x0000022efea6a000,
0x0000022efea8b800, 0x0000022eff79e800, 0x0000022e806c8800, 0x0000022e8023d000,
0x0000022e802e5800, 0x0000022e80303000, 0x0000022e8030e000, 0x0000022e80c3b800,
0x0000022e80c3c800, 0x0000022e807e8800, 0x0000022e807e3800, 0x0000022e807e9800
}

Java Threads: ( => current thread )
  0x0000022ee3364800 JavaThread "main" [_thread_blocked, id=16316, stack(0x000000c068700000,0x000000c068800000)]
  0x0000022efe76e800 JavaThread "Reference Handler" daemon [_thread_blocked, id=24176, stack(0x000000c068e00000,0x000000c068f00000)]
  0x0000022efe777800 JavaThread "Finalizer" daemon [_thread_blocked, id=21488, stack(0x000000c068f00000,0x000000c069000000)]
  0x0000022efe7c5800 JavaThread "Signal Dispatcher" daemon [_thread_blocked, id=14180, stack(0x000000c069000000,0x000000c069100000)]
  0x0000022efe7c9800 JavaThread "Attach Listener" daemon [_thread_blocked, id=15544, stack(0x000000c069100000,0x000000c069200000)]
  0x0000022efe7ca800 JavaThread "Service Thread" daemon [_thread_blocked, id=21816, stack(0x000000c069200000,0x000000c069300000)]
  0x0000022efe7d1000 JavaThread "C2 CompilerThread0" daemon [_thread_blocked, id=23548, stack(0x000000c069300000,0x000000c069400000)]
  0x0000022efe920800 JavaThread "C1 CompilerThread0" daemon [_thread_blocked, id=20840, stack(0x000000c069400000,0x000000c069500000)]
  0x0000022efe7fe000 JavaThread "Sweeper thread" daemon [_thread_blocked, id=4516, stack(0x000000c069500000,0x000000c069600000)]
  0x0000022efea67800 JavaThread "JDWP Transport Listener: dt_socket" daemon [_thread_blocked, id=23432, stack(0x000000c069600000,0x000000c069700000)] _threads_hazard_ptr=0x0000022e80c26a00
  0x0000022efea69000 JavaThread "JDWP Event Helper Thread" daemon [_thread_blocked, id=23580, stack(0x000000c069700000,0x000000c069800000)]
  0x0000022efea6a000 JavaThread "JDWP Command Reader" daemon [_thread_in_native, id=23584, stack(0x000000c069800000,0x000000c069900000)]
  0x0000022efea8b800 JavaThread "Common-Cleaner" daemon [_thread_blocked, id=7356, stack(0x000000c069a00000,0x000000c069b00000)]
  0x0000022eff79e800 JavaThread "ReaderThread" [_thread_in_native, id=22704, stack(0x000000c069c00000,0x000000c069d00000)]
  0x0000022e806c8800 JavaThread "ForkJoinPool.commonPool-worker-3" daemon [_thread_blocked, id=8292, stack(0x000000c06a100000,0x000000c06a200000)]
  0x0000022e8023d000 JavaThread "AsyncHttpClient-1-1" daemon [_thread_blocked, id=25212, stack(0x000000c06a200000,0x000000c06a300000)]
  0x0000022e802e5800 JavaThread "Exec Default Executor" daemon [_thread_in_native, id=21868, stack(0x000000c06a300000,0x000000c06a400000)]
  0x0000022e80303000 JavaThread "Exec Stream Pumper" daemon [_thread_in_native, id=18368, stack(0x000000c06a400000,0x000000c06a500000)]
  0x0000022e8030e000 JavaThread "Exec Stream Pumper" daemon [_thread_in_native, id=22844, stack(0x000000c06a500000,0x000000c06a600000)]
  0x0000022e80c3b800 JavaThread "Driver Service Executor" daemon [_thread_blocked, id=17432, stack(0x000000c06a600000,0x000000c06a700000)]
  0x0000022e80c3c800 JavaThread "Driver Service Executor" daemon [_thread_blocked, id=20684, stack(0x000000c06a700000,0x000000c06a800000)]
  0x0000022e807e8800 JavaThread "AsyncHttpClient-1-2" daemon [_thread_in_native, id=20808, stack(0x000000c06aa00000,0x000000c06ab00000)]
  0x0000022e807e3800 JavaThread "AsyncHttpClient-1-3" daemon [_thread_in_native, id=14676, stack(0x000000c06a900000,0x000000c06aa00000)]
  0x0000022e807e9800 JavaThread "AsyncHttpClient-1-4" daemon [_thread_in_native, id=11660, stack(0x000000c06ab00000,0x000000c06ac00000)]

Other Threads:
=>0x0000022efe746000 VMThread "VM Thread" [stack: 0x000000c068d00000,0x000000c068e00000] [id=20500]
  0x0000022efea78000 WatcherThread [stack: 0x000000c069900000,0x000000c069a00000] [id=16180]
  0x0000022ee337a800 GCTaskThread "GC Thread#0" [stack: 0x000000c068800000,0x000000c068900000] [id=23496]
  0x0000022eff81b000 GCTaskThread "GC Thread#1" [stack: 0x000000c069d00000,0x000000c069e00000] [id=21060]
  0x0000022eff812800 GCTaskThread "GC Thread#2" [stack: 0x000000c069e00000,0x000000c069f00000] [id=25448]
  0x0000022eff815000 GCTaskThread "GC Thread#3" [stack: 0x000000c069f00000,0x000000c06a000000] [id=4688]
  0x0000022ee3393800 ConcurrentGCThread "G1 Main Marker" [stack: 0x000000c068900000,0x000000c068a00000] [id=7960]
  0x0000022ee3396000 ConcurrentGCThread "G1 Conc#0" [stack: 0x000000c068a00000,0x000000c068b00000] [id=8140]
  0x0000022ee33de800 ConcurrentGCThread "G1 Refine#0" [stack: 0x000000c068b00000,0x000000c068c00000] [id=22696]
  0x0000022efeb8b800 ConcurrentGCThread "G1 Refine#1" [stack: 0x000000c06a000000,0x000000c06a100000] [id=22508]
  0x0000022ee33e1800 ConcurrentGCThread "G1 Young RemSet Sampling" [stack: 0x000000c068c00000,0x000000c068d00000] [id=19000]

Threads with active compile tasks:

VM state:at safepoint (normal execution)

VM Mutex/Monitor currently owned by a thread:  ([mutex/lock_event])
[0x0000022ee3361ff0] Threads_lock - owner thread: 0x0000022efe746000

Heap address: 0x00000000c9400000, size: 876 MB, Compressed Oops mode: 32-bit
Narrow klass base: 0x0000000000000000, Narrow klass shift: 3
Compressed class space size: 1073741824 Address: 0x0000000100000000

Heap:
 garbage-first heap   total 57344K, used 17244K [0x00000000c9400000, 0x0000000100000000)
  region size 1024K, 7 young (7168K), 4 survivors (4096K)
 Metaspace       used 30417K, capacity 31255K, committed 31488K, reserved 1077248K
  class space    used 3494K, capacity 3820K, committed 3840K, reserved 1048576K
Heap Regions: E=young(eden), S=young(survivor), O=old, HS=humongous(starts), HC=humongous(continues), CS=collection set, F=free, A=archive, TAMS=top-at-mark-start (previous, next)
|   0|0x00000000c9400000, 0x00000000c9500000, 0x00000000c9500000|100%| O|  |TAMS 0x00000000c9500000, 0x00000000c9400000| Untracked 
|   1|0x00000000c9500000, 0x00000000c9600000, 0x00000000c9600000|100%| O|  |TAMS 0x00000000c9600000, 0x00000000c9500000| Untracked 
|   2|0x00000000c9600000, 0x00000000c9700000, 0x00000000c9700000|100%| O|  |TAMS 0x00000000c9700000, 0x00000000c9600000| Untracked 
|   3|0x00000000c9700000, 0x00000000c9800000, 0x00000000c9800000|100%| O|  |TAMS 0x00000000c9800000, 0x00000000c9700000| Untracked 
|   4|0x00000000c9800000, 0x00000000c9900000, 0x00000000c9900000|100%| O|  |TAMS 0x00000000c9839e00, 0x00000000c9800000| Untracked 
|   5|0x00000000c9900000, 0x00000000c9a00000, 0x00000000c9a00000|100%| O|  |TAMS 0x00000000c9900000, 0x00000000c9900000| Untracked 
|   6|0x00000000c9a00000, 0x00000000c9b00000, 0x00000000c9b00000|100%|HS|  |TAMS 0x00000000c9a00000, 0x00000000c9a00000| Complete 
|   7|0x00000000c9b00000, 0x00000000c9c00000, 0x00000000c9c00000|100%|HC|  |TAMS 0x00000000c9b00000, 0x00000000c9b00000| Complete 
|   8|0x00000000c9c00000, 0x00000000c9d00000, 0x00000000c9d00000|100%|HC|  |TAMS 0x00000000c9c00000, 0x00000000c9c00000| Complete 
|   9|0x00000000c9d00000, 0x00000000c9e00000, 0x00000000c9e00000|100%|HC|  |TAMS 0x00000000c9d00000, 0x00000000c9d00000| Complete 
|  10|0x00000000c9e00000, 0x00000000c9f00000, 0x00000000c9f00000|100%|HC|  |TAMS 0x00000000c9e00000, 0x00000000c9e00000| Complete 
|  11|0x00000000c9f00000, 0x00000000c9f91200, 0x00000000ca000000| 56%| O|  |TAMS 0x00000000c9f00000, 0x00000000c9f00000| Untracked 
|  12|0x00000000ca000000, 0x00000000ca000000, 0x00000000ca100000|  0%| F|  |TAMS 0x00000000ca000000, 0x00000000ca000000| Untracked 
|  13|0x00000000ca100000, 0x00000000ca100000, 0x00000000ca200000|  0%| F|  |TAMS 0x00000000ca100000, 0x00000000ca100000| Untracked 
|  14|0x00000000ca200000, 0x00000000ca200000, 0x00000000ca300000|  0%| F|  |TAMS 0x00000000ca200000, 0x00000000ca200000| Untracked 
|  15|0x00000000ca300000, 0x00000000ca300000, 0x00000000ca400000|  0%| F|  |TAMS 0x00000000ca300000, 0x00000000ca300000| Untracked 
|  16|0x00000000ca400000, 0x00000000ca400000, 0x00000000ca500000|  0%| F|  |TAMS 0x00000000ca400000, 0x00000000ca400000| Untracked 
|  17|0x00000000ca500000, 0x00000000ca500000, 0x00000000ca600000|  0%| F|  |TAMS 0x00000000ca500000, 0x00000000ca500000| Untracked 
|  18|0x00000000ca600000, 0x00000000ca600000, 0x00000000ca700000|  0%| F|  |TAMS 0x00000000ca600000, 0x00000000ca600000| Untracked 
|  19|0x00000000ca700000, 0x00000000ca700000, 0x00000000ca800000|  0%| F|  |TAMS 0x00000000ca700000, 0x00000000ca700000| Untracked 
|  20|0x00000000ca800000, 0x00000000ca800000, 0x00000000ca900000|  0%| F|  |TAMS 0x00000000ca800000, 0x00000000ca800000| Untracked 
|  21|0x00000000ca900000, 0x00000000ca900000, 0x00000000caa00000|  0%| F|  |TAMS 0x00000000ca900000, 0x00000000ca900000| Untracked 
|  22|0x00000000caa00000, 0x00000000caa00000, 0x00000000cab00000|  0%| F|  |TAMS 0x00000000caa00000, 0x00000000caa00000| Untracked 
|  23|0x00000000cab00000, 0x00000000cab00000, 0x00000000cac00000|  0%| F|  |TAMS 0x00000000cab00000, 0x00000000cab00000| Untracked 
|  24|0x00000000cac00000, 0x00000000cac46150, 0x00000000cad00000| 27%| S|CS|TAMS 0x00000000cac00000, 0x00000000cac00000| Complete 
|  25|0x00000000cad00000, 0x00000000cad00000, 0x00000000cae00000|  0%| F|  |TAMS 0x00000000cad00000, 0x00000000cad00000| Untracked 
|  26|0x00000000cae00000, 0x00000000cae00000, 0x00000000caf00000|  0%| F|  |TAMS 0x00000000cae00000, 0x00000000cae00000| Untracked 
|  27|0x00000000caf00000, 0x00000000caf00000, 0x00000000cb000000|  0%| F|  |TAMS 0x00000000caf00000, 0x00000000caf00000| Untracked 
|  28|0x00000000cb000000, 0x00000000cb000000, 0x00000000cb100000|  0%| F|  |TAMS 0x00000000cb000000, 0x00000000cb000000| Untracked 
|  29|0x00000000cb100000, 0x00000000cb200000, 0x00000000cb200000|100%| S|CS|TAMS 0x00000000cb100000, 0x00000000cb100000| Complete 
|  30|0x00000000cb200000, 0x00000000cb300000, 0x00000000cb300000|100%| S|CS|TAMS 0x00000000cb200000, 0x00000000cb200000| Complete 
|  31|0x00000000cb300000, 0x00000000cb400000, 0x00000000cb400000|100%| S|CS|TAMS 0x00000000cb300000, 0x00000000cb300000| Complete 
|  32|0x00000000cb400000, 0x00000000cb400000, 0x00000000cb500000|  0%| F|  |TAMS 0x00000000cb400000, 0x00000000cb400000| Untracked 
|  33|0x00000000cb500000, 0x00000000cb500000, 0x00000000cb600000|  0%| F|  |TAMS 0x00000000cb500000, 0x00000000cb500000| Untracked 
|  34|0x00000000cb600000, 0x00000000cb600000, 0x00000000cb700000|  0%| F|  |TAMS 0x00000000cb600000, 0x00000000cb600000| Untracked 
|  35|0x00000000cb700000, 0x00000000cb700000, 0x00000000cb800000|  0%| F|  |TAMS 0x00000000cb700000, 0x00000000cb700000| Untracked 
|  36|0x00000000cb800000, 0x00000000cb800000, 0x00000000cb900000|  0%| F|  |TAMS 0x00000000cb800000, 0x00000000cb800000| Untracked 
|  37|0x00000000cb900000, 0x00000000cb900000, 0x00000000cba00000|  0%| F|  |TAMS 0x00000000cb900000, 0x00000000cb900000| Untracked 
|  38|0x00000000cba00000, 0x00000000cba00000, 0x00000000cbb00000|  0%| F|  |TAMS 0x00000000cba00000, 0x00000000cba00000| Untracked 
|  39|0x00000000cbb00000, 0x00000000cbb00000, 0x00000000cbc00000|  0%| F|  |TAMS 0x00000000cbb00000, 0x00000000cbb00000| Untracked 
|  40|0x00000000cbc00000, 0x00000000cbc00000, 0x00000000cbd00000|  0%| F|  |TAMS 0x00000000cbc00000, 0x00000000cbc00000| Untracked 
|  41|0x00000000cbd00000, 0x00000000cbd00000, 0x00000000cbe00000|  0%| F|  |TAMS 0x00000000cbd00000, 0x00000000cbd00000| Untracked 
|  42|0x00000000cbe00000, 0x00000000cbe00000, 0x00000000cbf00000|  0%| F|  |TAMS 0x00000000cbe00000, 0x00000000cbe00000| Untracked 
|  43|0x00000000cbf00000, 0x00000000cbf00000, 0x00000000cc000000|  0%| F|  |TAMS 0x00000000cbf00000, 0x00000000cbf00000| Untracked 
|  44|0x00000000cc000000, 0x00000000cc000000, 0x00000000cc100000|  0%| F|  |TAMS 0x00000000cc000000, 0x00000000cc000000| Untracked 
|  45|0x00000000cc100000, 0x00000000cc100000, 0x00000000cc200000|  0%| F|  |TAMS 0x00000000cc100000, 0x00000000cc100000| Untracked 
|  46|0x00000000cc200000, 0x00000000cc200000, 0x00000000cc300000|  0%| F|  |TAMS 0x00000000cc200000, 0x00000000cc200000| Untracked 
|  47|0x00000000cc300000, 0x00000000cc300000, 0x00000000cc400000|  0%| F|  |TAMS 0x00000000cc300000, 0x00000000cc300000| Untracked 
|  48|0x00000000cc400000, 0x00000000cc400000, 0x00000000cc500000|  0%| F|  |TAMS 0x00000000cc400000, 0x00000000cc400000| Untracked 
|  49|0x00000000cc500000, 0x00000000cc500000, 0x00000000cc600000|  0%| F|  |TAMS 0x00000000cc500000, 0x00000000cc500000| Untracked 
|  50|0x00000000cc600000, 0x00000000cc600000, 0x00000000cc700000|  0%| F|  |TAMS 0x00000000cc600000, 0x00000000cc600000| Untracked 
|  51|0x00000000cc700000, 0x00000000cc700000, 0x00000000cc800000|  0%| F|  |TAMS 0x00000000cc700000, 0x00000000cc700000| Untracked 
|  52|0x00000000cc800000, 0x00000000cc800000, 0x00000000cc900000|  0%| F|  |TAMS 0x00000000cc800000, 0x00000000cc800000| Untracked 
|  53|0x00000000cc900000, 0x00000000cc9a7e90, 0x00000000cca00000| 65%| E|  |TAMS 0x00000000cc900000, 0x00000000cc900000| Complete 
|  54|0x00000000cca00000, 0x00000000ccb00000, 0x00000000ccb00000|100%| E|CS|TAMS 0x00000000cca00000, 0x00000000cca00000| Complete 
|  55|0x00000000ccb00000, 0x00000000ccc00000, 0x00000000ccc00000|100%| E|CS|TAMS 0x00000000ccb00000, 0x00000000ccb00000| Complete 

Card table byte_map: [0x0000022ef9bf0000,0x0000022ef9db0000] _byte_map_base: 0x0000022ef95a6000

Marking Bits (Prev, Next): (CMBitMap*) 0x0000022ee338f530, (CMBitMap*) 0x0000022ee338f4f8
 Prev Bits: [0x0000022efad20000, 0x0000022efbad0000)
 Next Bits: [0x0000022ef9f70000, 0x0000022efad20000)

Polling page: 0x0000022ee2b30000

Metaspace:

Usage:
  Non-class:     26.79 MB capacity,    26.29 MB ( 98%) used,   419.27 KB (  2%) free+waste,    92.81 KB ( <1%) overhead. 
      Class:      3.73 MB capacity,     3.41 MB ( 91%) used,   279.53 KB (  7%) free+waste,    45.50 KB (  1%) overhead. 
       Both:     30.52 MB capacity,    29.70 MB ( 97%) used,   698.80 KB (  2%) free+waste,   138.31 KB ( <1%) overhead. 

Virtual space:
  Non-class space:       28.00 MB reserved,      27.00 MB ( 96%) committed 
      Class space:        1.00 GB reserved,       3.75 MB ( <1%) committed 
             Both:        1.03 GB reserved,      30.75 MB (  3%) committed 

Chunk freelists:
   Non-Class:  2.62 KB
       Class:  2.50 KB
        Both:  5.12 KB

CodeHeap 'non-profiled nmethods': size=120064Kb used=981Kb max_used=981Kb free=119082Kb
 bounds [0x0000022ef24f0000, 0x0000022ef2760000, 0x0000022ef9a30000]
CodeHeap 'profiled nmethods': size=120000Kb used=4590Kb max_used=4590Kb free=115409Kb
 bounds [0x0000022eeafc0000, 0x0000022eeb440000, 0x0000022ef24f0000]
CodeHeap 'non-nmethods': size=5696Kb used=1279Kb max_used=1306Kb free=4416Kb
 bounds [0x0000022eeaa30000, 0x0000022eeaca0000, 0x0000022eeafc0000]
 total_blobs=2803 nmethods=2254 adapters=468
 compilation: enabled
              stopped_count=0, restarted_count=0
 full_count=0

Compilation events (10 events):
Event: 2887.009 Thread 0x0000022efe7d1000 2251       4       java.util.concurrent.ConcurrentLinkedDeque::first (65 bytes)
Event: 2887.016 Thread 0x0000022efe7d1000 nmethod 2251 0x0000022ef25e3d10 code [0x0000022ef25e3e80, 0x0000022ef25e3f38]
Event: 2907.912 Thread 0x0000022efe7d1000 2252       4       java.util.concurrent.ConcurrentLinkedDeque$AbstractItr::advance (80 bytes)
Event: 2907.930 Thread 0x0000022efe7d1000 nmethod 2252 0x0000022ef25e4010 code [0x0000022ef25e41a0, 0x0000022ef25e4508]
Event: 2969.526 Thread 0x0000022efe7d1000 2253       4       org.asynchttpclient.netty.channel.DefaultChannelPool$IdleChannelDetector::expiredChannels (176 bytes)
Event: 2969.587 Thread 0x0000022efe7d1000 nmethod 2253 0x0000022ef25e4710 code [0x0000022ef25e48c0, 0x0000022ef25e4ca8]
Event: 3039.897 Thread 0x0000022efe7d1000 2254       4       org.asynchttpclient.netty.channel.DefaultChannelPool$IdleChannelDetector::closeChannels (141 bytes)
Event: 3039.907 Thread 0x0000022efe7d1000 nmethod 2254 0x0000022ef25e5110 code [0x0000022ef25e52a0, 0x0000022ef25e5358]
Event: 3857.305 Thread 0x0000022efe920800 2255       1       io.netty.util.HashedWheelTimer$HashedWheelTimeout::timer (5 bytes)
Event: 3857.314 Thread 0x0000022efe920800 nmethod 2255 0x0000022ef25e5490 code [0x0000022ef25e5620, 0x0000022ef25e56d8]

GC Heap History (10 events):
Event: 2.801 GC heap before
{Heap before GC invocations=1 (full 0):
 garbage-first heap   total 57344K, used 8571K [0x00000000c9400000, 0x0000000100000000)
  region size 1024K, 6 young (6144K), 2 survivors (2048K)
 Metaspace       used 13614K, capacity 13948K, committed 14080K, reserved 1062912K
  class space    used 1352K, capacity 1464K, committed 1536K, reserved 1048576K
}
Event: 2.806 GC heap after
{Heap after GC invocations=2 (full 0):
 garbage-first heap   total 57344K, used 4648K [0x00000000c9400000, 0x0000000100000000)
  region size 1024K, 1 young (1024K), 1 survivors (1024K)
 Metaspace       used 13614K, capacity 13948K, committed 14080K, reserved 1062912K
  class space    used 1352K, capacity 1464K, committed 1536K, reserved 1048576K
}
Event: 3.589 GC heap before
{Heap before GC invocations=2 (full 0):
 garbage-first heap   total 57344K, used 22056K [0x00000000c9400000, 0x0000000100000000)
  region size 1024K, 18 young (18432K), 1 survivors (1024K)
 Metaspace       used 17448K, capacity 17908K, committed 18048K, reserved 1064960K
  class space    used 1866K, capacity 2051K, committed 2176K, reserved 1048576K
}
Event: 3.593 GC heap after
{Heap after GC invocations=3 (full 0):
 garbage-first heap   total 57344K, used 5484K [0x00000000c9400000, 0x0000000100000000)
  region size 1024K, 2 young (2048K), 2 survivors (2048K)
 Metaspace       used 17448K, capacity 17908K, committed 18048K, reserved 1064960K
  class space    used 1866K, capacity 2051K, committed 2176K, reserved 1048576K
}
Event: 4.037 GC heap before
{Heap before GC invocations=3 (full 0):
 garbage-first heap   total 57344K, used 13676K [0x00000000c9400000, 0x0000000100000000)
  region size 1024K, 11 young (11264K), 2 survivors (2048K)
 Metaspace       used 20623K, capacity 21118K, committed 21248K, reserved 1069056K
  class space    used 2236K, capacity 2441K, committed 2560K, reserved 1048576K
}
Event: 4.043 GC heap after
{Heap after GC invocations=4 (full 0):
 garbage-first heap   total 57344K, used 6781K [0x00000000c9400000, 0x0000000100000000)
  region size 1024K, 3 young (3072K), 3 survivors (3072K)
 Metaspace       used 20623K, capacity 21118K, committed 21248K, reserved 1069056K
  class space    used 2236K, capacity 2441K, committed 2560K, reserved 1048576K
}
Event: 5.298 GC heap before
{Heap before GC invocations=5 (full 0):
 garbage-first heap   total 57344K, used 31357K [0x00000000c9400000, 0x0000000100000000)
  region size 1024K, 27 young (27648K), 3 survivors (3072K)
 Metaspace       used 25931K, capacity 26733K, committed 26880K, reserved 1073152K
  class space    used 2926K, capacity 3231K, committed 3328K, reserved 1048576K
}
Event: 5.307 GC heap after
{Heap after GC invocations=6 (full 0):
 garbage-first heap   total 57344K, used 8590K [0x00000000c9400000, 0x0000000100000000)
  region size 1024K, 4 young (4096K), 4 survivors (4096K)
 Metaspace       used 25931K, capacity 26733K, committed 26880K, reserved 1073152K
  class space    used 2926K, capacity 3231K, committed 3328K, reserved 1048576K
}
Event: 12.500 GC heap before
{Heap before GC invocations=6 (full 0):
 garbage-first heap   total 57344K, used 37262K [0x00000000c9400000, 0x0000000100000000)
  region size 1024K, 28 young (28672K), 4 survivors (4096K)
 Metaspace       used 30108K, capacity 30865K, committed 30976K, reserved 1077248K
  class space    used 3471K, capacity 3777K, committed 3840K, reserved 1048576K
}
Event: 12.513 GC heap after
{Heap after GC invocations=7 (full 0):
 garbage-first heap   total 57344K, used 15196K [0x00000000c9400000, 0x0000000100000000)
  region size 1024K, 4 young (4096K), 4 survivors (4096K)
 Metaspace       used 30108K, capacity 30865K, committed 30976K, reserved 1077248K
  class space    used 3471K, capacity 3777K, committed 3840K, reserved 1048576K
}

Deoptimization events (10 events):
Event: 2.728 Thread 0x0000022ee3364800 Uncommon trap: reason=bimorphic_or_optimized_type_check action=maybe_recompile pc=0x0000022ef2533e28 method=java.util.HashMap.putVal(ILjava/lang/Object;Ljava/lang/Object;ZZ)Ljava/lang/Object; @ 91 c2
Event: 3.819 Thread 0x0000022ee3364800 Uncommon trap: reason=bimorphic_or_optimized_type_check action=maybe_recompile pc=0x0000022ef2533ee8 method=java.util.HashMap.putVal(ILjava/lang/Object;Ljava/lang/Object;ZZ)Ljava/lang/Object; @ 203 c2
Event: 3.820 Thread 0x0000022ee3364800 Uncommon trap: reason=bimorphic_or_optimized_type_check action=maybe_recompile pc=0x0000022ef2533ee8 method=java.util.HashMap.putVal(ILjava/lang/Object;Ljava/lang/Object;ZZ)Ljava/lang/Object; @ 203 c2
Event: 4.675 Thread 0x0000022ee3364800 Uncommon trap: reason=unstable_if action=reinterpret pc=0x0000022ef25694a8 method=java.lang.String.replace(CC)Ljava/lang/String; @ 2 c2
Event: 5.017 Thread 0x0000022ee3364800 Uncommon trap: reason=unstable_if action=reinterpret pc=0x0000022ef254879c method=jdk.internal.org.objectweb.asm.Type.getArgumentsAndReturnSizes(Ljava/lang/String;)I @ 41 c2
Event: 5.017 Thread 0x0000022ee3364800 Uncommon trap: reason=unstable_if action=reinterpret pc=0x0000022ef2557f14 method=jdk.internal.org.objectweb.asm.Frame.push(Ljdk/internal/org/objectweb/asm/ClassWriter;Ljava/lang/String;)V @ 24 c2
Event: 5.843 Thread 0x0000022ee3364800 Uncommon trap: reason=range_check action=make_not_entrant pc=0x0000022ef258bb40 method=java.lang.Integer.getChars(II[B)I @ 68 c2
Event: 5.970 Thread 0x0000022e807e8800 Uncommon trap: reason=unstable_if action=reinterpret pc=0x0000022ef2502144 method=java.lang.CharacterData.of(I)Ljava/lang/CharacterData; @ 4 c2
Event: 11.661 Thread 0x0000022ee3364800 Uncommon trap: reason=unstable_if action=reinterpret pc=0x0000022ef25679e0 method=java.util.concurrent.ConcurrentHashMap.putVal(Ljava/lang/Object;Ljava/lang/Object;Z)Ljava/lang/Object; @ 231 c2
Event: 12.535 Thread 0x0000022e807e8800 Uncommon trap: reason=unstable_if action=reinterpret pc=0x0000022ef258aaf8 method=java.io.ByteArrayInputStream.read()I @ 8 c2

Classes redefined (5 events):
Event: 1051.505 Thread 0x0000022efe746000 redefined class name=com.obsqura.TestNGframework.DropDown, count=1
Event: 1129.976 Thread 0x0000022efe746000 redefined class name=com.obsqura.TestNGframework.DropDown, count=2
Event: 1323.879 Thread 0x0000022efe746000 redefined class name=com.obsqura.TestNGframework.DropDown, count=3
Event: 4634.426 Thread 0x0000022efe746000 redefined class name=com.obsqura.TestNGframework.DropDown, count=4
Event: 4825.460 Thread 0x0000022efe746000 redefined class name=com.obsqura.TestNGframework.DropDown, count=5

Internal exceptions (10 events):
Event: 5.017 Thread 0x0000022ee3364800 Exception <a 'java/lang/NoSuchMethodError'{0x00000000cb6087b8}: java.lang.invoke.DirectMethodHandle$Holder.invokeVirtual(Ljava/lang/Object;Ljava/lang/Object;)D> (0x00000000cb6087b8) thrown at [./open/src/hotspot/share/interpreter/linkResolver.cpp, line 77
Event: 5.018 Thread 0x0000022ee3364800 Exception <a 'java/lang/NoSuchMethodError'{0x00000000cb60e818}: java.lang.invoke.DirectMethodHandle$Holder.invokeVirtual(Ljava/lang/Object;Ljava/lang/Object;)F> (0x00000000cb60e818) thrown at [./open/src/hotspot/share/interpreter/linkResolver.cpp, line 77
Event: 5.021 Thread 0x0000022ee3364800 Exception <a 'java/lang/NoSuchMethodError'{0x00000000cb616f58}: java.lang.invoke.DirectMethodHandle$Holder.invokeVirtual(Ljava/lang/Object;Ljava/lang/Object;)J> (0x00000000cb616f58) thrown at [./open/src/hotspot/share/interpreter/linkResolver.cpp, line 77
Event: 5.032 Thread 0x0000022ee3364800 Exception <a 'java/lang/NoSuchMethodError'{0x00000000cb6549e0}: java.lang.invoke.DirectMethodHandle$Holder.invokeVirtual(Ljava/lang/Object;Ljava/lang/Object;Ljava/lang/Object;)Ljava/lang/Object;> (0x00000000cb6549e0) thrown at [./open/src/hotspot/share/in
Event: 5.086 Thread 0x0000022ee3364800 Exception <a 'java/lang/NoSuchMethodError'{0x00000000cb58cdc8}: java.lang.invoke.DirectMethodHandle$Holder.invokeSpecial(Ljava/lang/Object;Ljava/lang/Object;Ljava/lang/Object;Ljava/lang/Object;Ljava/lang/Object;)V> (0x00000000cb58cdc8) thrown at [./open/s
Event: 5.090 Thread 0x0000022ee3364800 Exception <a 'java/lang/NoSuchMethodError'{0x00000000cb593b38}: java.lang.invoke.DirectMethodHandle$Holder.invokeStatic(Ljava/lang/Object;Ljava/lang/Object;I)V> (0x00000000cb593b38) thrown at [./open/src/hotspot/share/interpreter/linkResolver.cpp, line 77
Event: 5.221 Thread 0x0000022ee3364800 Exception <a 'java/lang/NoSuchMethodError'{0x00000000cb22da20}: java.lang.invoke.DirectMethodHandle$Holder.invokeSpecialIFC(Ljava/lang/Object;Ljava/lang/Object;Ljava/lang/Object;)I> (0x00000000cb22da20) thrown at [./open/src/hotspot/share/interpreter/link
Event: 5.407 Thread 0x0000022ee3364800 Exception <a 'java/lang/NoSuchMethodError'{0x00000000cc80f1e0}: java.lang.invoke.DirectMethodHandle$Holder.invokeSpecial(Ljava/lang/Object;Ljava/lang/Object;Ljava/lang/Object;Ljava/lang/Object;Ljava/lang/Object;Ljava/lang/Object;)V> (0x00000000cc80f1e0) t
Event: 11.614 Thread 0x0000022ee3364800 Exception <a 'java/lang/NoSuchMethodError'{0x00000000cbbec220}: java.lang.invoke.DirectMethodHandle$Holder.invokeSpecialIFC(Ljava/lang/Object;Ljava/lang/Object;Ljava/lang/Object;)Ljava/lang/Object;> (0x00000000cbbec220) thrown at [./open/src/hotspot/share
Event: 12.039 Thread 0x0000022ee3364800 Exception <a 'java/lang/ClassNotFoundException'{0x00000000cb486c10}: sun/util/logging/resources/spi/loggingProvider> (0x00000000cb486c10) thrown at [./open/src/hotspot/share/classfile/systemDictionary.cpp, line 226]

Events (10 events):
Event: 5052.350 Executing VM operation: GetCurrentContendedMonitor done
Event: 5052.352 Executing VM operation: GetOwnedMonitorInfo
Event: 5052.352 Executing VM operation: GetOwnedMonitorInfo done
Event: 5052.394 Executing VM operation: GetCurrentContendedMonitor
Event: 5052.394 Executing VM operation: GetCurrentContendedMonitor done
Event: 5052.395 Executing VM operation: GetOwnedMonitorInfo
Event: 5052.395 Executing VM operation: GetOwnedMonitorInfo done
Event: 5069.945 Executing VM operation: GetFrameLocation
Event: 5069.945 Executing VM operation: GetFrameLocation done
Event: 5069.946 Executing VM operation: GetOrSetLocal


Dynamic libraries:
0x00007ff689ce0000 - 0x00007ff689cf0000 	C:\Program Files\Java\jdk-11\bin\javaw.exe
0x00007ffddcbb0000 - 0x00007ffddcdc4000 	C:\WINDOWS\SYSTEM32\ntdll.dll
0x00007ffddae90000 - 0x00007ffddaf52000 	C:\WINDOWS\System32\KERNEL32.DLL
0x00007ffdda410000 - 0x00007ffdda7b3000 	C:\WINDOWS\System32\KERNELBASE.dll
0x00007ffdda250000 - 0x00007ffdda361000 	C:\WINDOWS\System32\ucrtbase.dll
0x00007ffdc6ba0000 - 0x00007ffdc6bb8000 	C:\Program Files\Java\jdk-11\bin\jli.dll
0x00007ffddb980000 - 0x00007ffddba2e000 	C:\WINDOWS\System32\ADVAPI32.dll
0x00007ffddb860000 - 0x00007ffddb907000 	C:\WINDOWS\System32\msvcrt.dll
0x00007ffddb060000 - 0x00007ffddb104000 	C:\WINDOWS\System32\sechost.dll
0x00007ffddb140000 - 0x00007ffddb257000 	C:\WINDOWS\System32\RPCRT4.dll
0x00007ffdc6b40000 - 0x00007ffdc6b5b000 	C:\Program Files\Java\jdk-11\bin\VCRUNTIME140.dll
0x00007ffddabb0000 - 0x00007ffddad5b000 	C:\WINDOWS\System32\USER32.dll
0x00007ffdda7c0000 - 0x00007ffdda7e6000 	C:\WINDOWS\System32\win32u.dll
0x00007ffddb6a0000 - 0x00007ffddb6c9000 	C:\WINDOWS\System32\GDI32.dll
0x00007ffdda7f0000 - 0x00007ffdda909000 	C:\WINDOWS\System32\gdi32full.dll
0x00007ffdda370000 - 0x00007ffdda40a000 	C:\WINDOWS\System32\msvcp_win.dll
0x00007ffdc1de0000 - 0x00007ffdc206e000 	C:\WINDOWS\WinSxS\amd64_microsoft.windows.common-controls_6595b64144ccf1df_6.0.22621.1635_none_270f70857386168e\COMCTL32.dll
0x00007ffdd8ce0000 - 0x00007ffdd8cea000 	C:\WINDOWS\SYSTEM32\VERSION.dll
0x00007ffddba30000 - 0x00007ffddba61000 	C:\WINDOWS\System32\IMM32.DLL
0x00007ffdc6b90000 - 0x00007ffdc6b9c000 	C:\Program Files\Java\jdk-11\bin\vcruntime140_1.dll
0x00007ffdc64e0000 - 0x00007ffdc656e000 	C:\Program Files\Java\jdk-11\bin\msvcp140.dll
0x00007ffdbcd50000 - 0x00007ffdbd8b8000 	C:\Program Files\Java\jdk-11\bin\server\jvm.dll
0x00007ffddb130000 - 0x00007ffddb138000 	C:\WINDOWS\System32\PSAPI.DLL
0x00007ffdd24f0000 - 0x00007ffdd2524000 	C:\WINDOWS\SYSTEM32\WINMM.dll
0x00007ffdc64d0000 - 0x00007ffdc64d9000 	C:\WINDOWS\SYSTEM32\WSOCK32.dll
0x00007ffddaf60000 - 0x00007ffddafd1000 	C:\WINDOWS\System32\WS2_32.dll
0x00007ffdd9000000 - 0x00007ffdd9018000 	C:\WINDOWS\SYSTEM32\kernel.appcore.dll
0x00007ffdc64b0000 - 0x00007ffdc64c0000 	C:\Program Files\Java\jdk-11\bin\verify.dll
0x00007ffdcf960000 - 0x00007ffdcfb8e000 	C:\WINDOWS\SYSTEM32\DBGHELP.DLL
0x00007ffddb260000 - 0x00007ffddb5e9000 	C:\WINDOWS\System32\combase.dll
0x00007ffddc5f0000 - 0x00007ffddc6c7000 	C:\WINDOWS\System32\OLEAUT32.dll
0x00007ffdc7130000 - 0x00007ffdc7162000 	C:\WINDOWS\SYSTEM32\dbgcore.DLL
0x00007ffdda910000 - 0x00007ffdda98b000 	C:\WINDOWS\System32\bcryptPrimitives.dll
0x00007ffdc6480000 - 0x00007ffdc64a8000 	C:\Program Files\Java\jdk-11\bin\java.dll
0x00007ffdc6470000 - 0x00007ffdc647a000 	C:\Program Files\Java\jdk-11\bin\jimage.dll
0x00007ffdb9460000 - 0x00007ffdb9498000 	C:\Program Files\Java\jdk-11\bin\jdwp.dll
0x00007ffdc6450000 - 0x00007ffdc6467000 	C:\Program Files\Java\jdk-11\bin\zip.dll
0x00007ffddbcf0000 - 0x00007ffddc4ea000 	C:\WINDOWS\System32\SHELL32.dll
0x00007ffdd8390000 - 0x00007ffdd8c5e000 	C:\WINDOWS\SYSTEM32\windows.storage.dll
0x00007ffdd8250000 - 0x00007ffdd838e000 	C:\WINDOWS\SYSTEM32\wintypes.dll
0x00007ffddc4f0000 - 0x00007ffddc5e1000 	C:\WINDOWS\System32\SHCORE.dll
0x00007ffdda990000 - 0x00007ffdda9ee000 	C:\WINDOWS\System32\shlwapi.dll
0x00007ffdd9ee0000 - 0x00007ffdd9f01000 	C:\WINDOWS\SYSTEM32\profapi.dll
0x00007ffdd5880000 - 0x00007ffdd588b000 	C:\Program Files\Java\jdk-11\bin\dt_socket.dll
0x00007ffdd9470000 - 0x00007ffdd94d9000 	C:\WINDOWS\System32\mswsock.dll
0x00007ffdd7fd0000 - 0x00007ffdd80c3000 	C:\WINDOWS\SYSTEM32\DNSAPI.dll
0x00007ffdd7f50000 - 0x00007ffdd7f7d000 	C:\WINDOWS\SYSTEM32\IPHLPAPI.DLL
0x00007ffddb910000 - 0x00007ffddb919000 	C:\WINDOWS\System32\NSI.dll
0x00007ffdd0bc0000 - 0x00007ffdd0c44000 	C:\WINDOWS\System32\fwpuclnt.dll
0x00007ffdc5b40000 - 0x00007ffdc5b4a000 	C:\Windows\System32\rasadhlp.dll
0x00007ffdc5f70000 - 0x00007ffdc5f89000 	C:\Program Files\Java\jdk-11\bin\net.dll
0x00007ffdd1850000 - 0x00007ffdd1987000 	C:\WINDOWS\SYSTEM32\WINHTTP.dll
0x00007ffdbdad0000 - 0x00007ffdbdae2000 	C:\Program Files\Java\jdk-11\bin\nio.dll
0x00007ffdd96d0000 - 0x00007ffdd96eb000 	C:\WINDOWS\SYSTEM32\CRYPTSP.dll
0x00007ffdd8f70000 - 0x00007ffdd8fa5000 	C:\WINDOWS\system32\rsaenh.dll
0x00007ffdd9570000 - 0x00007ffdd9598000 	C:\WINDOWS\SYSTEM32\USERENV.dll
0x00007ffdd9890000 - 0x00007ffdd98b8000 	C:\WINDOWS\SYSTEM32\bcrypt.dll
0x00007ffdd96f0000 - 0x00007ffdd96fc000 	C:\WINDOWS\SYSTEM32\CRYPTBASE.dll
0x00007ffdd17b0000 - 0x00007ffdd17c9000 	C:\WINDOWS\SYSTEM32\dhcpcsvc6.DLL
0x00007ffdd16c0000 - 0x00007ffdd16df000 	C:\WINDOWS\SYSTEM32\dhcpcsvc.DLL
0x00007ffdb0760000 - 0x00007ffdb0769000 	C:\Program Files\Java\jdk-11\bin\management.dll
0x00007ffdb0750000 - 0x00007ffdb075b000 	C:\Program Files\Java\jdk-11\bin\management_ext.dll
0x00007ffdb36d0000 - 0x00007ffdb36dd000 	C:\Program Files\Java\jdk-11\bin\sunmscapi.dll
0x00007ffdd9fb0000 - 0x00007ffdda117000 	C:\WINDOWS\System32\CRYPT32.dll
0x00007ffdd9860000 - 0x00007ffdd988e000 	C:\WINDOWS\SYSTEM32\ncrypt.dll
0x00007ffdd9820000 - 0x00007ffdd9857000 	C:\WINDOWS\SYSTEM32\NTASN1.dll
0x00007ffdb3700000 - 0x00007ffdb3727000 	C:\Program Files\Java\jdk-11\bin\sunec.dll

dbghelp: loaded successfully - version: 4.0.5 - missing functions: none
symbol engine: initialized successfully - sym options: 0x614 - pdb path: .;C:\Program Files\Java\jdk-11\bin;C:\WINDOWS\SYSTEM32;C:\WINDOWS\WinSxS\amd64_microsoft.windows.common-controls_6595b64144ccf1df_6.0.22621.1635_none_270f70857386168e;C:\Program Files\Java\jdk-11\bin\server

VM Arguments:
jvm_args: -agentlib:jdwp=transport=dt_socket,suspend=y,address=localhost:65283 -ea -Dfile.encoding=UTF-8 
java_command: org.testng.remote.RemoteTestNG -serport 65281 -protocol json -d C:\Users\abhij\OneDrive\Documents\Eclipse_Workspace\TestNGframework\test-output C:\Users\abhij\AppData\Local\Temp\testng-eclipse-606857541\testng-customsuite.xml
java_class_path (initial): C:\eclipse\configuration\org.eclipse.osgi\429\0\.cp\lib\testng-remote.jar;C:\Users\abhij\OneDrive\Documents\Eclipse_Workspace\TestNGframework\target\test-classes;C:\Users\abhij\OneDrive\Documents\Eclipse_Workspace\TestNGframework\target\classes;C:\Users\abhij\.m2\repository\org\testng\testng\7.5\testng-7.5.jar;C:\Users\abhij\.m2\repository\com\google\code\findbugs\jsr305\3.0.1\jsr305-3.0.1.jar;C:\Users\abhij\.m2\repository\org\slf4j\slf4j-api\1.7.32\slf4j-api-1.7.32.jar;C:\Users\abhij\.m2\repository\com\beust\jcommander\1.78\jcommander-1.78.jar;C:\Users\abhij\.m2\repository\org\webjars\jquery\3.5.1\jquery-3.5.1.jar;C:\Users\abhij\.m2\repository\org\seleniumhq\selenium\selenium-java\4.9.1\selenium-java-4.9.1.jar;C:\Users\abhij\.m2\repository\org\seleniumhq\selenium\selenium-api\4.9.1\selenium-api-4.9.1.jar;C:\Users\abhij\.m2\repository\org\seleniumhq\selenium\selenium-chrome-driver\4.9.1\selenium-chrome-driver-4.9.1.jar;C:\Users\abhij\.m2\repository\com\google\auto\service\auto-service-annotations\1.0.1\auto-service-annotations-1.0.1.jar;C:\Users\abhij\.m2\repository\com\google\auto\service\auto-service\1.0.1\auto-service-1.0.1.jar;C:\Users\abhij\.m2\repository\com\google\auto\auto-common\1.2\auto-common-1.2.jar;C:\Users\abhij\.m2\repository\com\google\guava\guava\31.1-jre\guava-31.1-jre.jar;C:\Users\abhij\.m2\repository\com\google\guava\failureaccess\1.0.1\failureaccess-1.0.1.jar;C:\Users\abhij\.m2\repository\com\google\guava\listenablefuture\9999.0-empty-to-avoid-conflict-with-guava\listenablefuture-9999.0-empty-to-avoid-conflict-with-guava.jar;C:\Users\abhij\.m2\repository\org\checkerframework\checker-qual\3.12.0\checker-qual-3.12.0.jar;C:\Users\abhij\.m2\repository\com\google\errorprone\error_prone_annotations\2.11.0\error_prone_annotations-2.11.0.jar;C:\Users\abhij\.m2\repository\com\google\j2objc\j2objc-annotations\1.3\j2objc-annotations-1.3.jar;C:\Users\abhij\.m2\repository\org\seleniumhq\selenium\selenium-chromium-driver\4.9.1\sel
Launcher Type: SUN_STANDARD

[Global flags]
     intx CICompilerCount                          = 3                                         {product} {ergonomic}
     uint ConcGCThreads                            = 1                                         {product} {ergonomic}
     uint G1ConcRefinementThreads                  = 4                                         {product} {ergonomic}
   size_t G1HeapRegionSize                         = 1048576                                   {product} {ergonomic}
    uintx GCDrainStackTargetSize                   = 64                                        {product} {ergonomic}
   size_t InitialHeapSize                          = 58720256                                  {product} {ergonomic}
   size_t MarkStackSize                            = 4194304                                   {product} {ergonomic}
   size_t MaxHeapSize                              = 918552576                                 {product} {ergonomic}
   size_t MaxNewSize                               = 550502400                                 {product} {ergonomic}
   size_t MinHeapDeltaBytes                        = 1048576                                   {product} {ergonomic}
    uintx NonNMethodCodeHeapSize                   = 5830732                                {pd product} {ergonomic}
    uintx NonProfiledCodeHeapSize                  = 122913754                              {pd product} {ergonomic}
    uintx ProfiledCodeHeapSize                     = 122913754                              {pd product} {ergonomic}
    uintx ReservedCodeCacheSize                    = 251658240                              {pd product} {ergonomic}
     bool SegmentedCodeCache                       = true                                      {product} {ergonomic}
     bool UseCompressedClassPointers               = true                                 {lp64_product} {ergonomic}
     bool UseCompressedOops                        = true                                 {lp64_product} {ergonomic}
     bool UseG1GC                                  = true                                      {product} {ergonomic}
     bool UseLargePagesIndividualAllocation        = false                                  {pd product} {ergonomic}

Logging:
Log output configuration:
 #0: stdout all=warning uptime,level,tags
 #1: stderr all=off uptime,level,tags

Environment Variables:
JAVA_HOME=C:\Program Files\Java\jdk-11
PATH=C:/eclipse//plugins/org.eclipse.justj.openjdk.hotspot.jre.full.win32.x86_64_17.0.1.v20211116-1657/jre/bin/server;C:/eclipse//plugins/org.eclipse.justj.openjdk.hotspot.jre.full.win32.x86_64_17.0.1.v20211116-1657/jre/bin;C:\Program Files\Common Files\Oracle\Java\javapath;C:\WINDOWS\system32;C:\WINDOWS;C:\WINDOWS\System32\Wbem;C:\WINDOWS\System32\WindowsPowerShell\v1.0\;C:\WINDOWS\System32\OpenSSH\;C:\Program Files\apache-maven-3.9.2\bin;C:\Program Files\Java\jdk-11\bin;"%M2_HOME%\bin;";C:\Program Files\Git\cmd;C:\Program Files\Java\jdk-11\bin;C:\eclipse;
USERNAME=abhij
OS=Windows_NT
PROCESSOR_IDENTIFIER=AMD64 Family 23 Model 24 Stepping 1, AuthenticAMD



---------------  S Y S T E M  ---------------

OS: Windows 11 , 64 bit Build 22621 (10.0.22621.1778)

CPU:total 4 (initial active 4) (4 cores per cpu, 2 threads per core) family 23 model 24 stepping 1 microcode 0x0, cmov, cx8, fxsr, mmx, sse, sse2, sse3, ssse3, sse4.1, sse4.2, popcnt, avx, avx2, aes, clmul, mmxext, 3dnowpref, lzcnt, sse4a, ht, tsc, tscinvbit, tscinv, bmi1, bmi2, adx, s

Memory: 4k page, system-wide physical 3501M (589M free)
TotalPageFile size 14253M (AvailPageFile size 5472M)
current process WorkingSet (physical memory assigned to process): 16M, peak: 134M
current process commit charge ("private bytes"): 177M, peak: 183M

vm_info: Java HotSpot(TM) 64-Bit Server VM (11.0.18+9-LTS-195) for windows-amd64 JRE (11.0.18+9-LTS-195), built on Dec  6 2022 15:50:58 by "mach5one" with MS VC++ 17.1 (VS2022)

END.
