#
# A fatal error has been detected by the Java Runtime Environment:
#
#  EXCEPTION_ACCESS_VIOLATION (0xc0000005) at pc=0x00007ffdbd431fd9, pid=18796, tid=18240
#
# JRE version: Java(TM) SE Runtime Environment 18.9 (11.0.18+9) (build 11.0.18+9-LTS-195)
# Java VM: Java HotSpot(TM) 64-Bit Server VM 18.9 (11.0.18+9-LTS-195, mixed mode, tiered, compressed oops, g1 gc, windows-amd64)
# Problematic frame:
# V  [jvm.dll+0x6e1fd9]
#
# No core dump will be written. Minidumps are not enabled by default on client versions of Windows
#
# If you would like to submit a bug report, please visit:
#   https://bugreport.java.com/bugreport/crash.jsp
#

---------------  S U M M A R Y ------------

Command Line: -agentlib:jdwp=transport=dt_socket,suspend=y,address=localhost:54906 -ea -Dfile.encoding=UTF-8 org.testng.remote.RemoteTestNG -serport 54905 -protocol json -d C:\Users\abhij\OneDrive\Documents\Eclipse_Workspace\TestNGframework\test-output C:\Users\abhij\AppData\Local\Temp\testng-eclipse-135583493\testng-customsuite.xml

Host: AMD Ryzen 3 3200U with Radeon Vega Mobile Gfx  , 4 cores, 3G,  Windows 11 , 64 bit Build 22621 (10.0.22621.1778)
Time: Wed Jul 12 21:04:18 2023 India Standard Time elapsed time: 10391.532719 seconds (0d 2h 53m 11s)

---------------  T H R E A D  ---------------

Current thread (0x000001e034eeb000):  GCTaskThread "GC Thread#1" [stack: 0x0000008093900000,0x0000008093a00000] [id=18240]

Stack: [0x0000008093900000,0x0000008093a00000],  sp=0x00000080939fd970,  free space=1014k
Native frames: (J=compiled Java code, j=interpreted, Vv=VM code, C=native code)
V  [jvm.dll+0x6e1fd9]
V  [jvm.dll+0x337733]
V  [jvm.dll+0x33984a]
V  [jvm.dll+0x339ece]
V  [jvm.dll+0x337565]
V  [jvm.dll+0x336625]
V  [jvm.dll+0x64cd7d]
V  [jvm.dll+0x64d594]
V  [jvm.dll+0x612b67]
V  [jvm.dll+0x2de66f]
V  [jvm.dll+0x2de0d9]
V  [jvm.dll+0x761b07]
V  [jvm.dll+0x761fd1]
V  [jvm.dll+0x323008]
V  [jvm.dll+0x322af4]
V  [jvm.dll+0x2f175a]
V  [jvm.dll+0x7ceb10]
V  [jvm.dll+0x75c924]
V  [jvm.dll+0x65c755]
C  [ucrtbase.dll+0x29363]
C  [KERNEL32.DLL+0x126ad]
C  [ntdll.dll+0x5a9f8]

JavaThread 0x000001e018d25800 (nid = 20188) was being processed
Java frames: (J=compiled Java code, j=interpreted, Vv=VM code)
j  com.obsqura.TestNGframework.DropDown.selectingLnaguageFromSeleniumSite()V+55
v  ~StubRoutines::call_stub
j  jdk.internal.reflect.NativeMethodAccessorImpl.invoke0(Ljava/lang/reflect/Method;Ljava/lang/Object;[Ljava/lang/Object;)Ljava/lang/Object;+0 java.base@11.0.18
j  jdk.internal.reflect.NativeMethodAccessorImpl.invoke(Ljava/lang/Object;[Ljava/lang/Object;)Ljava/lang/Object;+100 java.base@11.0.18
j  jdk.internal.reflect.DelegatingMethodAccessorImpl.invoke(Ljava/lang/Object;[Ljava/lang/Object;)Ljava/lang/Object;+6 java.base@11.0.18
j  java.lang.reflect.Method.invoke(Ljava/lang/Object;[Ljava/lang/Object;)Ljava/lang/Object;+59 java.base@11.0.18
j  org.testng.internal.invokers.MethodInvocationHelper.invokeMethod(Ljava/lang/reflect/Method;Ljava/lang/Object;[Ljava/lang/Object;)Ljava/lang/Object;+255
j  org.testng.internal.invokers.TestInvoker.invokeMethod(Lorg/testng/internal/invokers/TestMethodArguments;Lorg/testng/xml/XmlSuite;Lorg/testng/internal/invokers/ITestInvoker$FailureContext;)Lorg/testng/ITestResult;+1002
j  org.testng.internal.invokers.TestInvoker.invokeTestMethod(Lorg/testng/internal/invokers/TestMethodArguments;Lorg/testng/xml/XmlSuite;Lorg/testng/internal/invokers/ITestInvoker$FailureContext;)Lorg/testng/ITestResult;+16
j  org.testng.internal.invokers.MethodRunner.runInSequence(Lorg/testng/internal/invokers/TestMethodArguments;Lorg/testng/internal/invokers/ITestInvoker;Lorg/testng/ITestContext;Ljava/util/concurrent/atomic/AtomicInteger;Lorg/testng/internal/invokers/ITestInvoker$FailureContext;Ljava/util/Iterator;Z)Ljava/util/List;+127
j  org.testng.internal.invokers.TestInvoker$MethodInvocationAgent.invoke(I)I+341
j  org.testng.internal.invokers.TestInvoker.invokeTestMethods(Lorg/testng/ITestNGMethod;Lorg/testng/internal/ConfigurationGroupMethods;Ljava/lang/Object;Lorg/testng/ITestContext;)Ljava/util/List;+582
j  org.testng.internal.invokers.TestMethodWorker.invokeTestMethods(Lorg/testng/ITestNGMethod;Ljava/lang/Object;)V+14
j  org.testng.internal.invokers.TestMethodWorker.run()V+127
j  org.testng.TestRunner$$Lambda$154.accept(Ljava/lang/Object;)V+7
j  java.util.ArrayList.forEach(Ljava/util/function/Consumer;)V+46 java.base@11.0.18
j  org.testng.TestRunner.privateRun(Lorg/testng/xml/XmlTest;)V+381
j  org.testng.TestRunner.run()V+25
j  org.testng.SuiteRunner.runTest(Lorg/testng/TestRunner;)V+21
j  org.testng.SuiteRunner.runSequentially()V+31
j  org.testng.SuiteRunner.privateRun()V+332
j  org.testng.SuiteRunner.run()V+6
j  org.testng.SuiteRunnerWorker.runSuite(Lorg/testng/internal/invokers/SuiteRunnerMap;Lorg/testng/xml/XmlSuite;)V+87
j  org.testng.SuiteRunnerWorker.run()V+12
j  org.testng.TestNG.runSuitesSequentially(Lorg/testng/xml/XmlSuite;Lorg/testng/internal/invokers/SuiteRunnerMap;ILjava/lang/String;)V+66
j  org.testng.TestNG.runSuitesLocally()Ljava/util/List;+156
j  org.testng.TestNG.runSuites()Ljava/util/List;+1
j  org.testng.TestNG.run()V+25
j  org.testng.remote.AbstractRemoteTestNG.run()V+149
j  org.testng.remote.RemoteTestNG.initAndRun(Lorg/testng/remote/IRemoteTestNG;[Ljava/lang/String;Lorg/testng/CommandLineArgs;Lorg/testng/remote/RemoteArgs;)V+169
j  org.testng.remote.RemoteTestNG.main([Ljava/lang/String;)V+188
v  ~StubRoutines::call_stub

siginfo: EXCEPTION_ACCESS_VIOLATION (0xc0000005), reading address 0x0000000000000006


Register to memory mapping:

RIP=0x00007ffdbd431fd9 jvm.dll
RAX=0x0 is NULL
RBX=0x00000080939fd9e0 points into unknown readable memory: 0x00007ffdbd5fa738 | 38 a7 5f bd fd 7f 00 00
RCX=0x00000080939fd9e0 points into unknown readable memory: 0x00007ffdbd5fa738 | 38 a7 5f bd fd 7f 00 00
RDX=0x0 is NULL
RSP=0x00000080939fd970 points into unknown readable memory: 0x00000080939fd9e0 | e0 d9 9f 93 80 00 00 00
RBP=0x00000080939fdf40 points into unknown readable memory: 0x00007ffdbd5fa798 | 98 a7 5f bd fd 7f 00 00
RSI=0x0 is NULL
RDI=0x00000080939fe110 points into unknown readable memory: 0x00007ffdbd63bbf0 | f0 bb 63 bd fd 7f 00 00
R8 =0x0 is NULL
R9 =0x000001e0363801e0 is pointing into metadata
R10=0x00000080939fe110 points into unknown readable memory: 0x00007ffdbd63bbf0 | f0 bb 63 bd fd 7f 00 00
R11=0x00000080939fde40 points into unknown readable memory: 0x00000000000000b9 | b9 00 00 00 00 00 00 00
R12=0x00007ffdbcd50000 jvm.dll
R13=0x000001e034103148 points into unknown readable memory: 0x0000004227f29200 | 00 92 f2 27 42 00 00 00
R14=0x000001e0363808e8 is pointing into metadata
R15=0x0000000000000060 is an unknown value


Registers:
RAX=0x0000000000000000, RBX=0x00000080939fd9e0, RCX=0x00000080939fd9e0, RDX=0x0000000000000000
RSP=0x00000080939fd970, RBP=0x00000080939fdf40, RSI=0x0000000000000000, RDI=0x00000080939fe110
R8 =0x0000000000000000, R9 =0x000001e0363801e0, R10=0x00000080939fe110, R11=0x00000080939fde40
R12=0x00007ffdbcd50000, R13=0x000001e034103148, R14=0x000001e0363808e8, R15=0x0000000000000060
RIP=0x00007ffdbd431fd9, EFLAGS=0x0000000000010202

Top of Stack: (sp=0x00000080939fd970)
0x00000080939fd970:   00000080939fd9e0 00007ffdbcfa128e
0x00000080939fd980:   0000000000000000 0000000000000000
0x00000080939fd990:   0000000000000000 0000000000000000
0x00000080939fd9a0:   0000000000000000 00007ffdbd087733
0x00000080939fd9b0:   00000080939fdf40 00000080939fe110
0x00000080939fd9c0:   0000000000000000 0000000000000000
0x00000080939fd9d0:   0000000000000000 0000000000000000
0x00000080939fd9e0:   00007ffdbd5fa738 0000000000000000
0x00000080939fd9f0:   0000000000000000 000000000000000c
0x00000080939fda00:   00000080939fda10 0000000000000000
0x00000080939fda10:   0000000046000044 0000000000000000
0x00000080939fda20:   4fffffff4fffffff 0000000000000000
0x00000080939fda30:   0000000000000000 0000000000000000
0x00000080939fda40:   0000000000000000 0000000000000000
0x00000080939fda50:   0000000000000000 00007ffdbd4324e5
0x00000080939fda60:   0000000000000000 0000000000000000 

Instructions: (pc=0x00007ffdbd431fd9)
0x00007ffdbd431fb9:   1f 6e 00 cc cc cc cc 40 53 48 83 ec 30 48 8b 41
0x00007ffdbd431fc9:   08 48 8b d9 c7 41 10 00 00 00 00 48 89 7c 24 48
0x00007ffdbd431fd9:   80 78 06 28 74 2b 4c 8d 0d ca a6 21 00 c7 44 24
0x00007ffdbd431fe9:   20 28 00 00 00 41 b8 35 00 00 00 48 8d 15 c5 a6 


Stack slot to memory mapping:
stack at sp + 0 slots: 0x00000080939fd9e0 points into unknown readable memory: 0x00007ffdbd5fa738 | 38 a7 5f bd fd 7f 00 00
stack at sp + 1 slots: 0x00007ffdbcfa128e jvm.dll
stack at sp + 2 slots: 0x0 is NULL
stack at sp + 3 slots: 0x0 is NULL
stack at sp + 4 slots: 0x0 is NULL
stack at sp + 5 slots: 0x0 is NULL
stack at sp + 6 slots: 0x0 is NULL
stack at sp + 7 slots: 0x00007ffdbd087733 jvm.dll


---------------  P R O C E S S  ---------------

Threads class SMR info:
_java_thread_list=0x000001e03612ce20, length=24, elements={
0x000001e018d25800, 0x000001e03407d000, 0x000001e034086000, 0x000001e0340d5800,
0x000001e0340d6800, 0x000001e0340db000, 0x000001e0340e9000, 0x000001e0340ea800,
0x000001e0340f7000, 0x000001e03438b800, 0x000001e03438e800, 0x000001e034399000,
0x000001e0343a3800, 0x000001e034dae800, 0x000001e035210800, 0x000001e035457000,
0x000001e0358bd800, 0x000001e0358a0800, 0x000001e0354cc000, 0x000001e03550f000,
0x000001e0353b2000, 0x000001e035426000, 0x000001e035423800, 0x000001e035427000
}

Java Threads: ( => current thread )
  0x000001e018d25800 JavaThread "main" [_thread_blocked, id=20188, stack(0x0000008092500000,0x0000008092600000)]
  0x000001e03407d000 JavaThread "Reference Handler" daemon [_thread_blocked, id=18152, stack(0x0000008092c00000,0x0000008092d00000)]
  0x000001e034086000 JavaThread "Finalizer" daemon [_thread_blocked, id=19176, stack(0x0000008092d00000,0x0000008092e00000)]
  0x000001e0340d5800 JavaThread "Signal Dispatcher" daemon [_thread_blocked, id=11564, stack(0x0000008092e00000,0x0000008092f00000)]
  0x000001e0340d6800 JavaThread "Attach Listener" daemon [_thread_blocked, id=18360, stack(0x0000008092f00000,0x0000008093000000)]
  0x000001e0340db000 JavaThread "Service Thread" daemon [_thread_blocked, id=17668, stack(0x0000008093000000,0x0000008093100000)]
  0x000001e0340e9000 JavaThread "C2 CompilerThread0" daemon [_thread_blocked, id=17200, stack(0x0000008093100000,0x0000008093200000)]
  0x000001e0340ea800 JavaThread "C1 CompilerThread0" daemon [_thread_blocked, id=19228, stack(0x0000008093200000,0x0000008093300000)]
  0x000001e0340f7000 JavaThread "Sweeper thread" daemon [_thread_blocked, id=10228, stack(0x0000008093300000,0x0000008093400000)]
  0x000001e03438b800 JavaThread "JDWP Transport Listener: dt_socket" daemon [_thread_blocked, id=19064, stack(0x0000008093400000,0x0000008093500000)]
  0x000001e03438e800 JavaThread "JDWP Event Helper Thread" daemon [_thread_blocked, id=9416, stack(0x0000008093500000,0x0000008093600000)]
  0x000001e034399000 JavaThread "JDWP Command Reader" daemon [_thread_in_native, id=16444, stack(0x0000008093600000,0x0000008093700000)]
  0x000001e0343a3800 JavaThread "Common-Cleaner" daemon [_thread_blocked, id=17016, stack(0x0000008093800000,0x0000008093900000)]
  0x000001e034dae800 JavaThread "ReaderThread" [_thread_in_native, id=19592, stack(0x0000008093b00000,0x0000008093c00000)]
  0x000001e035210800 JavaThread "ForkJoinPool.commonPool-worker-3" daemon [_thread_blocked, id=18132, stack(0x0000008094000000,0x0000008094100000)]
  0x000001e035457000 JavaThread "AsyncHttpClient-1-1" daemon [_thread_blocked, id=16288, stack(0x0000008094200000,0x0000008094300000)]
  0x000001e0358bd800 JavaThread "Exec Default Executor" daemon [_thread_in_native, id=11516, stack(0x0000008094100000,0x0000008094200000)]
  0x000001e0358a0800 JavaThread "Exec Stream Pumper" daemon [_thread_in_native, id=15328, stack(0x0000008094300000,0x0000008094400000)]
  0x000001e0354cc000 JavaThread "Exec Stream Pumper" daemon [_thread_in_native, id=8036, stack(0x0000008094400000,0x0000008094500000)]
  0x000001e03550f000 JavaThread "Driver Service Executor" daemon [_thread_blocked, id=16940, stack(0x0000008094500000,0x0000008094600000)]
  0x000001e0353b2000 JavaThread "Driver Service Executor" daemon [_thread_blocked, id=18932, stack(0x0000008094600000,0x0000008094700000)]
  0x000001e035426000 JavaThread "AsyncHttpClient-1-2" daemon [_thread_in_native, id=7324, stack(0x0000008094900000,0x0000008094a00000)]
  0x000001e035423800 JavaThread "AsyncHttpClient-1-3" daemon [_thread_in_native, id=2360, stack(0x0000008094a00000,0x0000008094b00000)]
  0x000001e035427000 JavaThread "AsyncHttpClient-1-4" daemon [_thread_in_native, id=14632, stack(0x0000008094b00000,0x0000008094c00000)]

Other Threads:
  0x000001e034056000 VMThread "VM Thread" [stack: 0x0000008092b00000,0x0000008092c00000] [id=16772]
  0x000001e0343a4800 WatcherThread [stack: 0x0000008093700000,0x0000008093800000] [id=8476]
  0x000001e018d3b800 GCTaskThread "GC Thread#0" [stack: 0x0000008092600000,0x0000008092700000] [id=18284]
=>0x000001e034eeb000 GCTaskThread "GC Thread#1" [stack: 0x0000008093900000,0x0000008093a00000] [id=18240]
  0x000001e03527e800 GCTaskThread "GC Thread#2" [stack: 0x0000008093c00000,0x0000008093d00000] [id=17616]
  0x000001e034ee4000 GCTaskThread "GC Thread#3" [stack: 0x0000008093d00000,0x0000008093e00000] [id=15752]
  0x000001e018d56800 ConcurrentGCThread "G1 Main Marker" [stack: 0x0000008092700000,0x0000008092800000] [id=14924]
  0x000001e018d58800 ConcurrentGCThread "G1 Conc#0" [stack: 0x0000008092800000,0x0000008092900000] [id=16536]
  0x000001e018da0000 ConcurrentGCThread "G1 Refine#0" [stack: 0x0000008092900000,0x0000008092a00000] [id=8072]
  0x000001e0344c6800 ConcurrentGCThread "G1 Refine#1" [stack: 0x0000008093e00000,0x0000008093f00000] [id=10596]
  0x000001e0352cb800 ConcurrentGCThread "G1 Refine#2" [stack: 0x0000008093f00000,0x0000008094000000] [id=18496]
  0x000001e018da3000 ConcurrentGCThread "G1 Young RemSet Sampling" [stack: 0x0000008092a00000,0x0000008092b00000] [id=20464]

Threads with active compile tasks:

VM state:at safepoint (normal execution)

VM Mutex/Monitor currently owned by a thread:  ([mutex/lock_event])
[0x000001e018d22920] Threads_lock - owner thread: 0x000001e034056000
[0x000001e018d22bf0] Heap_lock - owner thread: 0x000001e035457000

Heap address: 0x00000000c9400000, size: 876 MB, Compressed Oops mode: 32-bit
Narrow klass base: 0x0000000000000000, Narrow klass shift: 3
Compressed class space size: 1073741824 Address: 0x0000000100000000

Heap:
 garbage-first heap   total 57344K, used 39603K [0x00000000c9400000, 0x0000000100000000)
  region size 1024K, 29 young (29696K), 4 survivors (4096K)
 Metaspace       used 30421K, capacity 31288K, committed 31616K, reserved 1077248K
  class space    used 3496K, capacity 3853K, committed 3968K, reserved 1048576K
Heap Regions: E=young(eden), S=young(survivor), O=old, HS=humongous(starts), HC=humongous(continues), CS=collection set, F=free, A=archive, TAMS=top-at-mark-start (previous, next)
|   0|0x00000000c9400000, 0x00000000c9500000, 0x00000000c9500000|100%| O|  |TAMS 0x00000000c9500000, 0x00000000c9400000| Untracked 
|   1|0x00000000c9500000, 0x00000000c9600000, 0x00000000c9600000|100%| O|  |TAMS 0x00000000c9600000, 0x00000000c9500000| Untracked 
|   2|0x00000000c9600000, 0x00000000c9700000, 0x00000000c9700000|100%| O|  |TAMS 0x00000000c9700000, 0x00000000c9600000| Untracked 
|   3|0x00000000c9700000, 0x00000000c9800000, 0x00000000c9800000|100%| O|  |TAMS 0x00000000c9800000, 0x00000000c9700000| Untracked 
|   4|0x00000000c9800000, 0x00000000c9900000, 0x00000000c9900000|100%| O|  |TAMS 0x00000000c9857e00, 0x00000000c9800000| Untracked 
|   5|0x00000000c9900000, 0x00000000c9a00000, 0x00000000c9a00000|100%| O|  |TAMS 0x00000000c9900000, 0x00000000c9900000| Untracked 
|   6|0x00000000c9a00000, 0x00000000c9b00000, 0x00000000c9b00000|100%|HS|  |TAMS 0x00000000c9a00000, 0x00000000c9a00000| Complete 
|   7|0x00000000c9b00000, 0x00000000c9c00000, 0x00000000c9c00000|100%|HC|  |TAMS 0x00000000c9b00000, 0x00000000c9b00000| Complete 
|   8|0x00000000c9c00000, 0x00000000c9d00000, 0x00000000c9d00000|100%|HC|  |TAMS 0x00000000c9c00000, 0x00000000c9c00000| Complete 
|   9|0x00000000c9d00000, 0x00000000c9e00000, 0x00000000c9e00000|100%|HC|  |TAMS 0x00000000c9d00000, 0x00000000c9d00000| Complete 
|  10|0x00000000c9e00000, 0x00000000c9f00000, 0x00000000c9f00000|100%|HC|  |TAMS 0x00000000c9e00000, 0x00000000c9e00000| Complete 
|  11|0x00000000c9f00000, 0x00000000c9fa69b0, 0x00000000ca000000| 65%| O|  |TAMS 0x00000000c9f00000, 0x00000000c9f00000| Untracked 
|  12|0x00000000ca000000, 0x00000000ca000000, 0x00000000ca100000|  0%| F|  |TAMS 0x00000000ca000000, 0x00000000ca000000| Untracked 
|  13|0x00000000ca100000, 0x00000000ca100000, 0x00000000ca200000|  0%| F|  |TAMS 0x00000000ca100000, 0x00000000ca100000| Untracked 
|  14|0x00000000ca200000, 0x00000000ca200000, 0x00000000ca300000|  0%| F|  |TAMS 0x00000000ca200000, 0x00000000ca200000| Untracked 
|  15|0x00000000ca300000, 0x00000000ca300000, 0x00000000ca400000|  0%| F|  |TAMS 0x00000000ca300000, 0x00000000ca300000| Untracked 
|  16|0x00000000ca400000, 0x00000000ca400000, 0x00000000ca500000|  0%| F|  |TAMS 0x00000000ca400000, 0x00000000ca400000| Untracked 
|  17|0x00000000ca500000, 0x00000000ca500000, 0x00000000ca600000|  0%| F|  |TAMS 0x00000000ca500000, 0x00000000ca500000| Untracked 
|  18|0x00000000ca600000, 0x00000000ca600000, 0x00000000ca700000|  0%| F|  |TAMS 0x00000000ca600000, 0x00000000ca600000| Untracked 
|  19|0x00000000ca700000, 0x00000000ca700000, 0x00000000ca800000|  0%| F|  |TAMS 0x00000000ca700000, 0x00000000ca700000| Untracked 
|  20|0x00000000ca800000, 0x00000000ca800000, 0x00000000ca900000|  0%| F|  |TAMS 0x00000000ca800000, 0x00000000ca800000| Untracked 
|  21|0x00000000ca900000, 0x00000000ca900000, 0x00000000caa00000|  0%| F|  |TAMS 0x00000000ca900000, 0x00000000ca900000| Untracked 
|  22|0x00000000caa00000, 0x00000000caa00000, 0x00000000cab00000|  0%| F|  |TAMS 0x00000000caa00000, 0x00000000caa00000| Untracked 
|  23|0x00000000cab00000, 0x00000000cab5cf80, 0x00000000cac00000| 36%| E|CS|TAMS 0x00000000cab00000, 0x00000000cab00000| Complete 
|  24|0x00000000cac00000, 0x00000000cad00000, 0x00000000cad00000|100%| E|CS|TAMS 0x00000000cac00000, 0x00000000cac00000| Complete 
|  25|0x00000000cad00000, 0x00000000cae00000, 0x00000000cae00000|100%| E|CS|TAMS 0x00000000cad00000, 0x00000000cad00000| Complete 
|  26|0x00000000cae00000, 0x00000000caf00000, 0x00000000caf00000|100%| E|CS|TAMS 0x00000000cae00000, 0x00000000cae00000| Complete 
|  27|0x00000000caf00000, 0x00000000caf47190, 0x00000000cb000000| 27%| S|  |TAMS 0x00000000caf00000, 0x00000000caf00000| Complete 
|  28|0x00000000cb000000, 0x00000000cb100000, 0x00000000cb100000|100%| S|  |TAMS 0x00000000cb000000, 0x00000000cb000000| Complete 
|  29|0x00000000cb100000, 0x00000000cb200000, 0x00000000cb200000|100%| S|  |TAMS 0x00000000cb100000, 0x00000000cb100000| Complete 
|  30|0x00000000cb200000, 0x00000000cb300000, 0x00000000cb300000|100%| S|  |TAMS 0x00000000cb200000, 0x00000000cb200000| Complete 
|  31|0x00000000cb300000, 0x00000000cb400000, 0x00000000cb400000|100%| E|CS|TAMS 0x00000000cb300000, 0x00000000cb300000| Complete 
|  32|0x00000000cb400000, 0x00000000cb500000, 0x00000000cb500000|100%| E|CS|TAMS 0x00000000cb400000, 0x00000000cb400000| Complete 
|  33|0x00000000cb500000, 0x00000000cb600000, 0x00000000cb600000|100%| E|CS|TAMS 0x00000000cb500000, 0x00000000cb500000| Complete 
|  34|0x00000000cb600000, 0x00000000cb700000, 0x00000000cb700000|100%| E|CS|TAMS 0x00000000cb600000, 0x00000000cb600000| Complete 
|  35|0x00000000cb700000, 0x00000000cb800000, 0x00000000cb800000|100%| E|CS|TAMS 0x00000000cb700000, 0x00000000cb700000| Complete 
|  36|0x00000000cb800000, 0x00000000cb900000, 0x00000000cb900000|100%| E|CS|TAMS 0x00000000cb800000, 0x00000000cb800000| Complete 
|  37|0x00000000cb900000, 0x00000000cba00000, 0x00000000cba00000|100%| E|CS|TAMS 0x00000000cb900000, 0x00000000cb900000| Complete 
|  38|0x00000000cba00000, 0x00000000cbb00000, 0x00000000cbb00000|100%| E|CS|TAMS 0x00000000cba00000, 0x00000000cba00000| Complete 
|  39|0x00000000cbb00000, 0x00000000cbc00000, 0x00000000cbc00000|100%| E|CS|TAMS 0x00000000cbb00000, 0x00000000cbb00000| Complete 
|  40|0x00000000cbc00000, 0x00000000cbd00000, 0x00000000cbd00000|100%| E|CS|TAMS 0x00000000cbc00000, 0x00000000cbc00000| Complete 
|  41|0x00000000cbd00000, 0x00000000cbe00000, 0x00000000cbe00000|100%| E|CS|TAMS 0x00000000cbd00000, 0x00000000cbd00000| Complete 
|  42|0x00000000cbe00000, 0x00000000cbf00000, 0x00000000cbf00000|100%| E|CS|TAMS 0x00000000cbe00000, 0x00000000cbe00000| Complete 
|  43|0x00000000cbf00000, 0x00000000cc000000, 0x00000000cc000000|100%| E|CS|TAMS 0x00000000cbf00000, 0x00000000cbf00000| Complete 
|  44|0x00000000cc000000, 0x00000000cc100000, 0x00000000cc100000|100%| E|CS|TAMS 0x00000000cc000000, 0x00000000cc000000| Complete 
|  45|0x00000000cc100000, 0x00000000cc200000, 0x00000000cc200000|100%| E|CS|TAMS 0x00000000cc100000, 0x00000000cc100000| Complete 
|  46|0x00000000cc200000, 0x00000000cc300000, 0x00000000cc300000|100%| E|CS|TAMS 0x00000000cc200000, 0x00000000cc200000| Complete 
|  47|0x00000000cc300000, 0x00000000cc400000, 0x00000000cc400000|100%| E|CS|TAMS 0x00000000cc300000, 0x00000000cc300000| Complete 
|  48|0x00000000cc400000, 0x00000000cc500000, 0x00000000cc500000|100%| E|CS|TAMS 0x00000000cc400000, 0x00000000cc400000| Complete 
|  49|0x00000000cc500000, 0x00000000cc600000, 0x00000000cc600000|100%| E|CS|TAMS 0x00000000cc500000, 0x00000000cc500000| Complete 
|  50|0x00000000cc600000, 0x00000000cc700000, 0x00000000cc700000|100%| E|CS|TAMS 0x00000000cc600000, 0x00000000cc600000| Complete 
|  51|0x00000000cc700000, 0x00000000cc800000, 0x00000000cc800000|100%| E|CS|TAMS 0x00000000cc700000, 0x00000000cc700000| Complete 
|  52|0x00000000cc800000, 0x00000000cc900000, 0x00000000cc900000|100%| E|CS|TAMS 0x00000000cc800000, 0x00000000cc800000| Complete 
|  53|0x00000000cc900000, 0x00000000cca00000, 0x00000000cca00000|100%| E|CS|TAMS 0x00000000cc900000, 0x00000000cc900000| Complete 
|  54|0x00000000cca00000, 0x00000000ccb00000, 0x00000000ccb00000|100%| E|CS|TAMS 0x00000000cca00000, 0x00000000cca00000| Complete 
|  55|0x00000000ccb00000, 0x00000000ccc00000, 0x00000000ccc00000|100%| E|CS|TAMS 0x00000000ccb00000, 0x00000000ccb00000| Complete 

Card table byte_map: [0x000001e02f3f0000,0x000001e02f5b0000] _byte_map_base: 0x000001e02eda6000

Marking Bits (Prev, Next): (CMBitMap*) 0x000001e018d52060, (CMBitMap*) 0x000001e018d52028
 Prev Bits: [0x000001e030520000, 0x000001e0312d0000)
 Next Bits: [0x000001e02f770000, 0x000001e030520000)

Polling page: 0x000001e016ea0000

Metaspace:

Usage:
  Non-class:     26.79 MB capacity,    26.29 MB ( 98%) used,   416.87 KB (  2%) free+waste,    92.81 KB ( <1%) overhead. 
      Class:      3.76 MB capacity,     3.41 MB ( 91%) used,   311.18 KB (  8%) free+waste,    45.62 KB (  1%) overhead. 
       Both:     30.55 MB capacity,    29.71 MB ( 97%) used,   728.05 KB (  2%) free+waste,   138.44 KB ( <1%) overhead. 

Virtual space:
  Non-class space:       28.00 MB reserved,      27.00 MB ( 96%) committed 
      Class space:        1.00 GB reserved,       3.88 MB ( <1%) committed 
             Both:        1.03 GB reserved,      30.88 MB (  3%) committed 

Chunk freelists:
   Non-Class:  2.62 KB
       Class:  2.38 KB
        Both:  5.00 KB

CodeHeap 'non-profiled nmethods': size=120064Kb used=1020Kb max_used=1020Kb free=119044Kb
 bounds [0x000001e027eb0000, 0x000001e028120000, 0x000001e02f3f0000]
CodeHeap 'profiled nmethods': size=120000Kb used=4482Kb max_used=4482Kb free=115517Kb
 bounds [0x000001e020980000, 0x000001e020df0000, 0x000001e027eb0000]
CodeHeap 'non-nmethods': size=5696Kb used=1281Kb max_used=1300Kb free=4414Kb
 bounds [0x000001e0203f0000, 0x000001e020660000, 0x000001e020980000]
 total_blobs=2813 nmethods=2264 adapters=468
 compilation: enabled
              stopped_count=0, restarted_count=0
 full_count=0

Compilation events (10 events):
Event: 9058.839 Thread 0x000001e0340e9000 2260       4       java.util.concurrent.TimeUnit::toNanos (45 bytes)
Event: 9058.845 Thread 0x000001e0340e9000 nmethod 2260 0x000001e027faa710 code [0x000001e027faa880, 0x000001e027faa998]
Event: 9069.832 Thread 0x000001e0340e9000 2261       4       java.util.AbstractQueue::add (20 bytes)
Event: 9069.849 Thread 0x000001e0340e9000 nmethod 2261 0x000001e027faaa90 code [0x000001e027faac20, 0x000001e027faaf48]
Event: 9081.939 Thread 0x000001e0340e9000 2262   !   4       io.netty.util.HashedWheelTimer::start (103 bytes)
Event: 9081.967 Thread 0x000001e0340e9000 nmethod 2262 0x000001e027fab210 code [0x000001e027fab380, 0x000001e027fab438]
Event: 9083.039 Thread 0x000001e0340e9000 2263       4       io.netty.util.HashedWheelTimer::newTimeout (167 bytes)
Event: 9083.085 Thread 0x000001e0340e9000 nmethod 2263 0x000001e027fab510 code [0x000001e027fab6c0, 0x000001e027fabf88]
Event: 9094.036 Thread 0x000001e0340e9000 2264       4       io.netty.util.concurrent.ImmediateExecutor::execute (15 bytes)
Event: 9094.202 Thread 0x000001e0340e9000 nmethod 2264 0x000001e027fac590 code [0x000001e027fac7e0, 0x000001e027fadee8]

GC Heap History (10 events):
Event: 1.256 GC heap after
{Heap after GC invocations=1 (full 0):
 garbage-first heap   total 57344K, used 4308K [0x00000000c9400000, 0x0000000100000000)
  region size 1024K, 2 young (2048K), 2 survivors (2048K)
 Metaspace       used 12197K, capacity 12452K, committed 12544K, reserved 1060864K
  class space    used 1191K, capacity 1260K, committed 1280K, reserved 1048576K
}
Event: 1.361 GC heap before
{Heap before GC invocations=1 (full 0):
 garbage-first heap   total 57344K, used 7380K [0x00000000c9400000, 0x0000000100000000)
  region size 1024K, 5 young (5120K), 2 survivors (2048K)
 Metaspace       used 13282K, capacity 13610K, committed 13824K, reserved 1060864K
  class space    used 1308K, capacity 1415K, committed 1536K, reserved 1048576K
}
Event: 1.365 GC heap after
{Heap after GC invocations=2 (full 0):
 garbage-first heap   total 57344K, used 4663K [0x00000000c9400000, 0x0000000100000000)
  region size 1024K, 1 young (1024K), 1 survivors (1024K)
 Metaspace       used 13282K, capacity 13610K, committed 13824K, reserved 1060864K
  class space    used 1308K, capacity 1415K, committed 1536K, reserved 1048576K
}
Event: 1.847 GC heap before
{Heap before GC invocations=2 (full 0):
 garbage-first heap   total 57344K, used 22071K [0x00000000c9400000, 0x0000000100000000)
  region size 1024K, 19 young (19456K), 1 survivors (1024K)
 Metaspace       used 17349K, capacity 17844K, committed 18048K, reserved 1064960K
  class space    used 1850K, capacity 2051K, committed 2176K, reserved 1048576K
}
Event: 1.849 GC heap after
{Heap after GC invocations=3 (full 0):
 garbage-first heap   total 57344K, used 5594K [0x00000000c9400000, 0x0000000100000000)
  region size 1024K, 2 young (2048K), 2 survivors (2048K)
 Metaspace       used 17349K, capacity 17844K, committed 18048K, reserved 1064960K
  class space    used 1850K, capacity 2051K, committed 2176K, reserved 1048576K
}
Event: 2.126 GC heap before
{Heap before GC invocations=3 (full 0):
 garbage-first heap   total 57344K, used 14810K [0x00000000c9400000, 0x0000000100000000)
  region size 1024K, 12 young (12288K), 2 survivors (2048K)
 Metaspace       used 20631K, capacity 21118K, committed 21248K, reserved 1069056K
  class space    used 2241K, capacity 2441K, committed 2560K, reserved 1048576K
}
Event: 2.129 GC heap after
{Heap after GC invocations=4 (full 0):
 garbage-first heap   total 57344K, used 6957K [0x00000000c9400000, 0x0000000100000000)
  region size 1024K, 3 young (3072K), 3 survivors (3072K)
 Metaspace       used 20631K, capacity 21118K, committed 21248K, reserved 1069056K
  class space    used 2241K, capacity 2441K, committed 2560K, reserved 1048576K
}
Event: 3.414 GC heap before
{Heap before GC invocations=5 (full 0):
 garbage-first heap   total 57344K, used 33581K [0x00000000c9400000, 0x0000000100000000)
  region size 1024K, 29 young (29696K), 3 survivors (3072K)
 Metaspace       used 26217K, capacity 26960K, committed 27136K, reserved 1073152K
  class space    used 2961K, capacity 3264K, committed 3328K, reserved 1048576K
}
Event: 3.420 GC heap after
{Heap after GC invocations=6 (full 0):
 garbage-first heap   total 57344K, used 8883K [0x00000000c9400000, 0x0000000100000000)
  region size 1024K, 4 young (4096K), 4 survivors (4096K)
 Metaspace       used 26217K, capacity 26960K, committed 27136K, reserved 1073152K
  class space    used 2961K, capacity 3264K, committed 3328K, reserved 1048576K
}
Event: 10391.435 GC heap before
{Heap before GC invocations=6 (full 0):
 garbage-first heap   total 57344K, used 39603K [0x00000000c9400000, 0x0000000100000000)
  region size 1024K, 29 young (29696K), 4 survivors (4096K)
 Metaspace       used 30421K, capacity 31288K, committed 31616K, reserved 1077248K
  class space    used 3496K, capacity 3853K, committed 3968K, reserved 1048576K
}

Deoptimization events (10 events):
Event: 1.987 Thread 0x000001e018d25800 Uncommon trap: reason=bimorphic_or_optimized_type_check action=maybe_recompile pc=0x000001e027ef22e8 method=java.util.HashMap.putVal(ILjava/lang/Object;Ljava/lang/Object;ZZ)Ljava/lang/Object; @ 203 c2
Event: 1.987 Thread 0x000001e018d25800 Uncommon trap: reason=bimorphic_or_optimized_type_check action=maybe_recompile pc=0x000001e027ef22e8 method=java.util.HashMap.putVal(ILjava/lang/Object;Ljava/lang/Object;ZZ)Ljava/lang/Object; @ 203 c2
Event: 2.968 Thread 0x000001e018d25800 Uncommon trap: reason=unstable_if action=reinterpret pc=0x000001e027f163a8 method=java.lang.String.replace(CC)Ljava/lang/String; @ 2 c2
Event: 3.160 Thread 0x000001e018d25800 Uncommon trap: reason=unstable_if action=reinterpret pc=0x000001e027f05d9c method=jdk.internal.org.objectweb.asm.Type.getArgumentsAndReturnSizes(Ljava/lang/String;)I @ 41 c2
Event: 3.235 Thread 0x000001e018d25800 Uncommon trap: reason=unstable_if action=reinterpret pc=0x000001e027f496a4 method=java.io.ByteArrayInputStream.read([BII)I @ 35 c2
Event: 3.689 Thread 0x000001e018d25800 Uncommon trap: reason=range_check action=make_not_entrant pc=0x000001e027f242a8 method=java.lang.Integer.getChars(II[B)I @ 68 c2
Event: 3.777 Thread 0x000001e035426000 Uncommon trap: reason=unstable_if action=reinterpret pc=0x000001e027ec1bc4 method=java.lang.CharacterData.of(I)Ljava/lang/CharacterData; @ 4 c2
Event: 6.227 Thread 0x000001e018d25800 Uncommon trap: reason=unstable_if action=reinterpret pc=0x000001e027f1e7e4 method=java.util.concurrent.ConcurrentHashMap.putVal(Ljava/lang/Object;Ljava/lang/Object;Z)Ljava/lang/Object; @ 231 c2
Event: 6.403 Thread 0x000001e035426000 Uncommon trap: reason=unstable_if action=reinterpret pc=0x000001e027f44f78 method=java.io.ByteArrayInputStream.read()I @ 8 c2
Event: 8855.176 Thread 0x000001e035457000 Uncommon trap: reason=unstable_if action=reinterpret pc=0x000001e027fa56ec method=io.netty.util.HashedWheelTimer$HashedWheelBucket.expireTimeouts(J)V @ 21 c2

Classes redefined (5 events):
Event: 203.576 Thread 0x000001e034056000 redefined class name=com.obsqura.TestNGframework.DropDown, count=1
Event: 8927.436 Thread 0x000001e034056000 redefined class name=com.obsqura.TestNGframework.DropDown, count=2
Event: 9550.601 Thread 0x000001e034056000 redefined class name=com.obsqura.TestNGframework.DropDown, count=3
Event: 10069.308 Thread 0x000001e034056000 redefined class name=com.obsqura.TestNGframework.DropDown, count=4
Event: 10294.800 Thread 0x000001e034056000 redefined class name=com.obsqura.TestNGframework.DropDown, count=5

Internal exceptions (10 events):
Event: 3.160 Thread 0x000001e018d25800 Exception <a 'java/lang/NoSuchMethodError'{0x00000000cb601d58}: java.lang.invoke.DirectMethodHandle$Holder.invokeVirtual(Ljava/lang/Object;Ljava/lang/Object;)D> (0x00000000cb601d58) thrown at [./open/src/hotspot/share/interpreter/linkResolver.cpp, line 77
Event: 3.161 Thread 0x000001e018d25800 Exception <a 'java/lang/NoSuchMethodError'{0x00000000cb607db8}: java.lang.invoke.DirectMethodHandle$Holder.invokeVirtual(Ljava/lang/Object;Ljava/lang/Object;)F> (0x00000000cb607db8) thrown at [./open/src/hotspot/share/interpreter/linkResolver.cpp, line 77
Event: 3.162 Thread 0x000001e018d25800 Exception <a 'java/lang/NoSuchMethodError'{0x00000000cb6104f8}: java.lang.invoke.DirectMethodHandle$Holder.invokeVirtual(Ljava/lang/Object;Ljava/lang/Object;)J> (0x00000000cb6104f8) thrown at [./open/src/hotspot/share/interpreter/linkResolver.cpp, line 77
Event: 3.170 Thread 0x000001e018d25800 Exception <a 'java/lang/NoSuchMethodError'{0x00000000cb64dff8}: java.lang.invoke.DirectMethodHandle$Holder.invokeVirtual(Ljava/lang/Object;Ljava/lang/Object;Ljava/lang/Object;)Ljava/lang/Object;> (0x00000000cb64dff8) thrown at [./open/src/hotspot/share/in
Event: 3.206 Thread 0x000001e018d25800 Exception <a 'java/lang/NoSuchMethodError'{0x00000000cb586668}: java.lang.invoke.DirectMethodHandle$Holder.invokeSpecial(Ljava/lang/Object;Ljava/lang/Object;Ljava/lang/Object;Ljava/lang/Object;Ljava/lang/Object;)V> (0x00000000cb586668) thrown at [./open/s
Event: 3.209 Thread 0x000001e018d25800 Exception <a 'java/lang/NoSuchMethodError'{0x00000000cb58d3d8}: java.lang.invoke.DirectMethodHandle$Holder.invokeStatic(Ljava/lang/Object;Ljava/lang/Object;I)V> (0x00000000cb58d3d8) thrown at [./open/src/hotspot/share/interpreter/linkResolver.cpp, line 77
Event: 3.306 Thread 0x000001e018d25800 Exception <a 'java/lang/NoSuchMethodError'{0x00000000cb252ff0}: java.lang.invoke.DirectMethodHandle$Holder.invokeSpecialIFC(Ljava/lang/Object;Ljava/lang/Object;Ljava/lang/Object;)I> (0x00000000cb252ff0) thrown at [./open/src/hotspot/share/interpreter/link
Event: 3.445 Thread 0x000001e018d25800 Exception <a 'java/lang/NoSuchMethodError'{0x00000000cca211a0}: java.lang.invoke.DirectMethodHandle$Holder.invokeSpecial(Ljava/lang/Object;Ljava/lang/Object;Ljava/lang/Object;Ljava/lang/Object;Ljava/lang/Object;Ljava/lang/Object;)V> (0x00000000cca211a0) t
Event: 6.201 Thread 0x000001e018d25800 Exception <a 'java/lang/NoSuchMethodError'{0x00000000cbdde0c0}: java.lang.invoke.DirectMethodHandle$Holder.invokeSpecialIFC(Ljava/lang/Object;Ljava/lang/Object;Ljava/lang/Object;)Ljava/lang/Object;> (0x00000000cbdde0c0) thrown at [./open/src/hotspot/share
Event: 6.374 Thread 0x000001e018d25800 Exception <a 'java/lang/ClassNotFoundException'{0x00000000cb654920}: sun/util/logging/resources/spi/loggingProvider> (0x00000000cb654920) thrown at [./open/src/hotspot/share/classfile/systemDictionary.cpp, line 226]

Events (10 events):
Event: 10380.042 Executing VM operation: GetOwnedMonitorInfo done
Event: 10390.485 Executing VM operation: GetCurrentContendedMonitor
Event: 10390.485 Executing VM operation: GetCurrentContendedMonitor done
Event: 10390.485 Executing VM operation: GetOwnedMonitorInfo
Event: 10390.486 Executing VM operation: GetOwnedMonitorInfo done
Event: 10390.515 Executing VM operation: GetCurrentContendedMonitor
Event: 10390.515 Executing VM operation: GetCurrentContendedMonitor done
Event: 10390.515 Executing VM operation: GetOwnedMonitorInfo
Event: 10390.516 Executing VM operation: GetOwnedMonitorInfo done
Event: 10391.433 Executing VM operation: G1CollectForAllocation


Dynamic libraries:
0x00007ff689ce0000 - 0x00007ff689cf0000 	C:\Program Files\Java\jdk-11\bin\javaw.exe
0x00007ffddcbb0000 - 0x00007ffddcdc4000 	C:\WINDOWS\SYSTEM32\ntdll.dll
0x00007ffddae90000 - 0x00007ffddaf52000 	C:\WINDOWS\System32\KERNEL32.DLL
0x00007ffdda410000 - 0x00007ffdda7b3000 	C:\WINDOWS\System32\KERNELBASE.dll
0x00007ffdda250000 - 0x00007ffdda361000 	C:\WINDOWS\System32\ucrtbase.dll
0x00007ffdc6b40000 - 0x00007ffdc6b5b000 	C:\Program Files\Java\jdk-11\bin\VCRUNTIME140.dll
0x00007ffdc6ba0000 - 0x00007ffdc6bb8000 	C:\Program Files\Java\jdk-11\bin\jli.dll
0x00007ffddb980000 - 0x00007ffddba2e000 	C:\WINDOWS\System32\ADVAPI32.dll
0x00007ffddb860000 - 0x00007ffddb907000 	C:\WINDOWS\System32\msvcrt.dll
0x00007ffddb060000 - 0x00007ffddb104000 	C:\WINDOWS\System32\sechost.dll
0x00007ffddb140000 - 0x00007ffddb257000 	C:\WINDOWS\System32\RPCRT4.dll
0x00007ffddabb0000 - 0x00007ffddad5b000 	C:\WINDOWS\System32\USER32.dll
0x00007ffdda7c0000 - 0x00007ffdda7e6000 	C:\WINDOWS\System32\win32u.dll
0x00007ffddb6a0000 - 0x00007ffddb6c9000 	C:\WINDOWS\System32\GDI32.dll
0x00007ffdc1de0000 - 0x00007ffdc206e000 	C:\WINDOWS\WinSxS\amd64_microsoft.windows.common-controls_6595b64144ccf1df_6.0.22621.1635_none_270f70857386168e\COMCTL32.dll
0x00007ffdda7f0000 - 0x00007ffdda909000 	C:\WINDOWS\System32\gdi32full.dll
0x00007ffdda370000 - 0x00007ffdda40a000 	C:\WINDOWS\System32\msvcp_win.dll
0x00007ffdd8ce0000 - 0x00007ffdd8cea000 	C:\WINDOWS\SYSTEM32\VERSION.dll
0x00007ffddba30000 - 0x00007ffddba61000 	C:\WINDOWS\System32\IMM32.DLL
0x00007ffdc6b90000 - 0x00007ffdc6b9c000 	C:\Program Files\Java\jdk-11\bin\vcruntime140_1.dll
0x00007ffdc64e0000 - 0x00007ffdc656e000 	C:\Program Files\Java\jdk-11\bin\msvcp140.dll
0x00007ffdbcd50000 - 0x00007ffdbd8b8000 	C:\Program Files\Java\jdk-11\bin\server\jvm.dll
0x00007ffddb130000 - 0x00007ffddb138000 	C:\WINDOWS\System32\PSAPI.DLL
0x00007ffdd24f0000 - 0x00007ffdd2524000 	C:\WINDOWS\SYSTEM32\WINMM.dll
0x00007ffdc64d0000 - 0x00007ffdc64d9000 	C:\WINDOWS\SYSTEM32\WSOCK32.dll
0x00007ffddaf60000 - 0x00007ffddafd1000 	C:\WINDOWS\System32\WS2_32.dll
0x00007ffdd9000000 - 0x00007ffdd9018000 	C:\WINDOWS\SYSTEM32\kernel.appcore.dll
0x00007ffdc64b0000 - 0x00007ffdc64c0000 	C:\Program Files\Java\jdk-11\bin\verify.dll
0x00007ffdcf960000 - 0x00007ffdcfb8e000 	C:\WINDOWS\SYSTEM32\DBGHELP.DLL
0x00007ffddb260000 - 0x00007ffddb5e9000 	C:\WINDOWS\System32\combase.dll
0x00007ffddc5f0000 - 0x00007ffddc6c7000 	C:\WINDOWS\System32\OLEAUT32.dll
0x00007ffdc7130000 - 0x00007ffdc7162000 	C:\WINDOWS\SYSTEM32\dbgcore.DLL
0x00007ffdda910000 - 0x00007ffdda98b000 	C:\WINDOWS\System32\bcryptPrimitives.dll
0x00007ffdc6480000 - 0x00007ffdc64a8000 	C:\Program Files\Java\jdk-11\bin\java.dll
0x00007ffdc6470000 - 0x00007ffdc647a000 	C:\Program Files\Java\jdk-11\bin\jimage.dll
0x00007ffdb9460000 - 0x00007ffdb9498000 	C:\Program Files\Java\jdk-11\bin\jdwp.dll
0x00007ffdc6450000 - 0x00007ffdc6467000 	C:\Program Files\Java\jdk-11\bin\zip.dll
0x00007ffddbcf0000 - 0x00007ffddc4ea000 	C:\WINDOWS\System32\SHELL32.dll
0x00007ffdd8390000 - 0x00007ffdd8c5e000 	C:\WINDOWS\SYSTEM32\windows.storage.dll
0x00007ffdd8250000 - 0x00007ffdd838e000 	C:\WINDOWS\SYSTEM32\wintypes.dll
0x00007ffddc4f0000 - 0x00007ffddc5e1000 	C:\WINDOWS\System32\SHCORE.dll
0x00007ffdda990000 - 0x00007ffdda9ee000 	C:\WINDOWS\System32\shlwapi.dll
0x00007ffdd9ee0000 - 0x00007ffdd9f01000 	C:\WINDOWS\SYSTEM32\profapi.dll
0x00007ffdd5880000 - 0x00007ffdd588b000 	C:\Program Files\Java\jdk-11\bin\dt_socket.dll
0x00007ffdd9470000 - 0x00007ffdd94d9000 	C:\WINDOWS\System32\mswsock.dll
0x00007ffdd7fd0000 - 0x00007ffdd80c3000 	C:\WINDOWS\SYSTEM32\DNSAPI.dll
0x00007ffdd7f50000 - 0x00007ffdd7f7d000 	C:\WINDOWS\SYSTEM32\IPHLPAPI.DLL
0x00007ffddb910000 - 0x00007ffddb919000 	C:\WINDOWS\System32\NSI.dll
0x00007ffdd0bc0000 - 0x00007ffdd0c44000 	C:\WINDOWS\System32\fwpuclnt.dll
0x00007ffdc5b40000 - 0x00007ffdc5b4a000 	C:\Windows\System32\rasadhlp.dll
0x00007ffdc5f70000 - 0x00007ffdc5f89000 	C:\Program Files\Java\jdk-11\bin\net.dll
0x00007ffdd1850000 - 0x00007ffdd1987000 	C:\WINDOWS\SYSTEM32\WINHTTP.dll
0x00007ffdbdad0000 - 0x00007ffdbdae2000 	C:\Program Files\Java\jdk-11\bin\nio.dll
0x00007ffdd96d0000 - 0x00007ffdd96eb000 	C:\WINDOWS\SYSTEM32\CRYPTSP.dll
0x00007ffdd8f70000 - 0x00007ffdd8fa5000 	C:\WINDOWS\system32\rsaenh.dll
0x00007ffdd9570000 - 0x00007ffdd9598000 	C:\WINDOWS\SYSTEM32\USERENV.dll
0x00007ffdd9890000 - 0x00007ffdd98b8000 	C:\WINDOWS\SYSTEM32\bcrypt.dll
0x00007ffdd96f0000 - 0x00007ffdd96fc000 	C:\WINDOWS\SYSTEM32\CRYPTBASE.dll
0x00007ffdd17b0000 - 0x00007ffdd17c9000 	C:\WINDOWS\SYSTEM32\dhcpcsvc6.DLL
0x00007ffdd16c0000 - 0x00007ffdd16df000 	C:\WINDOWS\SYSTEM32\dhcpcsvc.DLL
0x00007ffdb0760000 - 0x00007ffdb0769000 	C:\Program Files\Java\jdk-11\bin\management.dll
0x00007ffdb0750000 - 0x00007ffdb075b000 	C:\Program Files\Java\jdk-11\bin\management_ext.dll
0x00007ffdb36d0000 - 0x00007ffdb36dd000 	C:\Program Files\Java\jdk-11\bin\sunmscapi.dll
0x00007ffdd9fb0000 - 0x00007ffdda117000 	C:\WINDOWS\System32\CRYPT32.dll
0x00007ffdd9860000 - 0x00007ffdd988e000 	C:\WINDOWS\SYSTEM32\ncrypt.dll
0x00007ffdd9820000 - 0x00007ffdd9857000 	C:\WINDOWS\SYSTEM32\NTASN1.dll
0x00007ffdb3700000 - 0x00007ffdb3727000 	C:\Program Files\Java\jdk-11\bin\sunec.dll

dbghelp: loaded successfully - version: 4.0.5 - missing functions: none
symbol engine: initialized successfully - sym options: 0x614 - pdb path: .;C:\Program Files\Java\jdk-11\bin;C:\WINDOWS\SYSTEM32;C:\WINDOWS\WinSxS\amd64_microsoft.windows.common-controls_6595b64144ccf1df_6.0.22621.1635_none_270f70857386168e;C:\Program Files\Java\jdk-11\bin\server

VM Arguments:
jvm_args: -agentlib:jdwp=transport=dt_socket,suspend=y,address=localhost:54906 -ea -Dfile.encoding=UTF-8 
java_command: org.testng.remote.RemoteTestNG -serport 54905 -protocol json -d C:\Users\abhij\OneDrive\Documents\Eclipse_Workspace\TestNGframework\test-output C:\Users\abhij\AppData\Local\Temp\testng-eclipse-135583493\testng-customsuite.xml
java_class_path (initial): C:\eclipse\configuration\org.eclipse.osgi\429\0\.cp\lib\testng-remote.jar;C:\Users\abhij\OneDrive\Documents\Eclipse_Workspace\TestNGframework\target\test-classes;C:\Users\abhij\OneDrive\Documents\Eclipse_Workspace\TestNGframework\target\classes;C:\Users\abhij\.m2\repository\org\testng\testng\7.5\testng-7.5.jar;C:\Users\abhij\.m2\repository\com\google\code\findbugs\jsr305\3.0.1\jsr305-3.0.1.jar;C:\Users\abhij\.m2\repository\org\slf4j\slf4j-api\1.7.32\slf4j-api-1.7.32.jar;C:\Users\abhij\.m2\repository\com\beust\jcommander\1.78\jcommander-1.78.jar;C:\Users\abhij\.m2\repository\org\webjars\jquery\3.5.1\jquery-3.5.1.jar;C:\Users\abhij\.m2\repository\org\seleniumhq\selenium\selenium-java\4.9.1\selenium-java-4.9.1.jar;C:\Users\abhij\.m2\repository\org\seleniumhq\selenium\selenium-api\4.9.1\selenium-api-4.9.1.jar;C:\Users\abhij\.m2\repository\org\seleniumhq\selenium\selenium-chrome-driver\4.9.1\selenium-chrome-driver-4.9.1.jar;C:\Users\abhij\.m2\repository\com\google\auto\service\auto-service-annotations\1.0.1\auto-service-annotations-1.0.1.jar;C:\Users\abhij\.m2\repository\com\google\auto\service\auto-service\1.0.1\auto-service-1.0.1.jar;C:\Users\abhij\.m2\repository\com\google\auto\auto-common\1.2\auto-common-1.2.jar;C:\Users\abhij\.m2\repository\com\google\guava\guava\31.1-jre\guava-31.1-jre.jar;C:\Users\abhij\.m2\repository\com\google\guava\failureaccess\1.0.1\failureaccess-1.0.1.jar;C:\Users\abhij\.m2\repository\com\google\guava\listenablefuture\9999.0-empty-to-avoid-conflict-with-guava\listenablefuture-9999.0-empty-to-avoid-conflict-with-guava.jar;C:\Users\abhij\.m2\repository\org\checkerframework\checker-qual\3.12.0\checker-qual-3.12.0.jar;C:\Users\abhij\.m2\repository\com\google\errorprone\error_prone_annotations\2.11.0\error_prone_annotations-2.11.0.jar;C:\Users\abhij\.m2\repository\com\google\j2objc\j2objc-annotations\1.3\j2objc-annotations-1.3.jar;C:\Users\abhij\.m2\repository\org\seleniumhq\selenium\selenium-chromium-driver\4.9.1\sel
Launcher Type: SUN_STANDARD

[Global flags]
     intx CICompilerCount                          = 3                                         {product} {ergonomic}
     uint ConcGCThreads                            = 1                                         {product} {ergonomic}
     uint G1ConcRefinementThreads                  = 4                                         {product} {ergonomic}
   size_t G1HeapRegionSize                         = 1048576                                   {product} {ergonomic}
    uintx GCDrainStackTargetSize                   = 64                                        {product} {ergonomic}
   size_t InitialHeapSize                          = 58720256                                  {product} {ergonomic}
   size_t MarkStackSize                            = 4194304                                   {product} {ergonomic}
   size_t MaxHeapSize                              = 918552576                                 {product} {ergonomic}
   size_t MaxNewSize                               = 550502400                                 {product} {ergonomic}
   size_t MinHeapDeltaBytes                        = 1048576                                   {product} {ergonomic}
    uintx NonNMethodCodeHeapSize                   = 5830732                                {pd product} {ergonomic}
    uintx NonProfiledCodeHeapSize                  = 122913754                              {pd product} {ergonomic}
    uintx ProfiledCodeHeapSize                     = 122913754                              {pd product} {ergonomic}
    uintx ReservedCodeCacheSize                    = 251658240                              {pd product} {ergonomic}
     bool SegmentedCodeCache                       = true                                      {product} {ergonomic}
     bool UseCompressedClassPointers               = true                                 {lp64_product} {ergonomic}
     bool UseCompressedOops                        = true                                 {lp64_product} {ergonomic}
     bool UseG1GC                                  = true                                      {product} {ergonomic}
     bool UseLargePagesIndividualAllocation        = false                                  {pd product} {ergonomic}

Logging:
Log output configuration:
 #0: stdout all=warning uptime,level,tags
 #1: stderr all=off uptime,level,tags

Environment Variables:
JAVA_HOME=C:\Program Files\Java\jdk-11
PATH=C:/eclipse//plugins/org.eclipse.justj.openjdk.hotspot.jre.full.win32.x86_64_17.0.1.v20211116-1657/jre/bin/server;C:/eclipse//plugins/org.eclipse.justj.openjdk.hotspot.jre.full.win32.x86_64_17.0.1.v20211116-1657/jre/bin;C:\Program Files\Common Files\Oracle\Java\javapath;C:\WINDOWS\system32;C:\WINDOWS;C:\WINDOWS\System32\Wbem;C:\WINDOWS\System32\WindowsPowerShell\v1.0\;C:\WINDOWS\System32\OpenSSH\;C:\Program Files\apache-maven-3.9.2\bin;C:\Program Files\Java\jdk-11\bin;"%M2_HOME%\bin;";C:\Program Files\Git\cmd;C:\Program Files\Java\jdk-11\bin;C:\eclipse;
USERNAME=abhij
OS=Windows_NT
PROCESSOR_IDENTIFIER=AMD64 Family 23 Model 24 Stepping 1, AuthenticAMD



---------------  S Y S T E M  ---------------

OS: Windows 11 , 64 bit Build 22621 (10.0.22621.1778)

CPU:total 4 (initial active 4) (4 cores per cpu, 2 threads per core) family 23 model 24 stepping 1 microcode 0x0, cmov, cx8, fxsr, mmx, sse, sse2, sse3, ssse3, sse4.1, sse4.2, popcnt, avx, avx2, aes, clmul, mmxext, 3dnowpref, lzcnt, sse4a, ht, tsc, tscinvbit, tscinv, bmi1, bmi2, adx, s

Memory: 4k page, system-wide physical 3501M (256M free)
TotalPageFile size 14253M (AvailPageFile size 5089M)
current process WorkingSet (physical memory assigned to process): 37M, peak: 139M
current process commit charge ("private bytes"): 177M, peak: 186M

vm_info: Java HotSpot(TM) 64-Bit Server VM (11.0.18+9-LTS-195) for windows-amd64 JRE (11.0.18+9-LTS-195), built on Dec  6 2022 15:50:58 by "mach5one" with MS VC++ 17.1 (VS2022)

END.
