#
# A fatal error has been detected by the Java Runtime Environment:
#
#  EXCEPTION_ACCESS_VIOLATION (0xc0000005) at pc=0x00007ffdbd431fd9, pid=16576, tid=13576
#
# JRE version: Java(TM) SE Runtime Environment 18.9 (11.0.18+9) (build 11.0.18+9-LTS-195)
# Java VM: Java HotSpot(TM) 64-Bit Server VM 18.9 (11.0.18+9-LTS-195, mixed mode, tiered, compressed oops, g1 gc, windows-amd64)
# Problematic frame:
# V  [jvm.dll+0x6e1fd9]
#
# No core dump will be written. Minidumps are not enabled by default on client versions of Windows
#
# If you would like to submit a bug report, please visit:
#   https://bugreport.java.com/bugreport/crash.jsp
#

---------------  S U M M A R Y ------------

Command Line: -agentlib:jdwp=transport=dt_socket,suspend=y,address=localhost:55602 -ea -Dfile.encoding=UTF-8 org.testng.remote.RemoteTestNG -serport 55601 -protocol json -d C:\Users\abhij\OneDrive\Documents\Eclipse_Workspace\TestNGframework\test-output C:\Users\abhij\AppData\Local\Temp\testng-eclipse-1189596788\testng-customsuite.xml

Host: AMD Ryzen 3 3200U with Radeon Vega Mobile Gfx  , 4 cores, 3G,  Windows 11 , 64 bit Build 22621 (10.0.22621.1778)
Time: Wed Jul 12 21:04:18 2023 India Standard Time elapsed time: 10126.064691 seconds (0d 2h 48m 46s)

---------------  T H R E A D  ---------------

Current thread (0x0000028fffa46800):  VMThread "VM Thread" [stack: 0x000000968d800000,0x000000968d900000] [id=13576]

Stack: [0x000000968d800000,0x000000968d900000],  sp=0x000000968d8fec20,  free space=1019k
Native frames: (J=compiled Java code, j=interpreted, Vv=VM code, C=native code)
V  [jvm.dll+0x6e1fd9]
V  [jvm.dll+0x337733]
V  [jvm.dll+0x33984a]
V  [jvm.dll+0x339ece]
V  [jvm.dll+0x337565]
V  [jvm.dll+0x336625]
V  [jvm.dll+0x64cd7d]
V  [jvm.dll+0x64c973]
V  [jvm.dll+0x612b78]
V  [jvm.dll+0x51cbf1]
V  [jvm.dll+0x7a822c]
V  [jvm.dll+0x7a64b5]
V  [jvm.dll+0x7a6cf2]
V  [jvm.dll+0x7a7007]
V  [jvm.dll+0x75c924]
V  [jvm.dll+0x65c755]
C  [ucrtbase.dll+0x29363]
C  [KERNEL32.DLL+0x126ad]
C  [ntdll.dll+0x5a9f8]


siginfo: EXCEPTION_ACCESS_VIOLATION (0xc0000005), reading address 0x0000000000000006


Register to memory mapping:

RIP=0x00007ffdbd431fd9 jvm.dll
RAX=0x0 is NULL
RBX=0x000000968d8fec90 points into unknown readable memory: 0x00007ffdbd5fa738 | 38 a7 5f bd fd 7f 00 00
RCX=0x000000968d8fec90 points into unknown readable memory: 0x00007ffdbd5fa738 | 38 a7 5f bd fd 7f 00 00
RDX=0x0 is NULL
RSP=0x000000968d8fec20 points into unknown readable memory: 0x000000968d8fec90 | 90 ec 8f 8d 96 00 00 00
RBP=0x000000968d8ff1f0 points into unknown readable memory: 0x00007ffdbd5fa798 | 98 a7 5f bd fd 7f 00 00
RSI=0x0 is NULL
RDI=0x000000968d8ff3c0 points into unknown readable memory: 0x00007ffdbd63bbf0 | f0 bb 63 bd fd 7f 00 00
R8 =0x0 is NULL
R9 =0x0000028f915601e0 is pointing into metadata
R10=0x000000968d8ff3c0 points into unknown readable memory: 0x00007ffdbd63bbf0 | f0 bb 63 bd fd 7f 00 00
R11=0x000000968d8ff0f0 points into unknown readable memory: 0x00000000000000b9 | b9 00 00 00 00 00 00 00
R12=0x00007ffdbcd50000 jvm.dll
R13=0x0000028fffa03278 points into unknown readable memory: 0x0000004287b12a00 | 00 2a b1 87 42 00 00 00
R14=0x0000028f915608e8 is pointing into metadata
R15=0x0000000000000060 is an unknown value


Registers:
RAX=0x0000000000000000, RBX=0x000000968d8fec90, RCX=0x000000968d8fec90, RDX=0x0000000000000000
RSP=0x000000968d8fec20, RBP=0x000000968d8ff1f0, RSI=0x0000000000000000, RDI=0x000000968d8ff3c0
R8 =0x0000000000000000, R9 =0x0000028f915601e0, R10=0x000000968d8ff3c0, R11=0x000000968d8ff0f0
R12=0x00007ffdbcd50000, R13=0x0000028fffa03278, R14=0x0000028f915608e8, R15=0x0000000000000060
RIP=0x00007ffdbd431fd9, EFLAGS=0x0000000000010202

Top of Stack: (sp=0x000000968d8fec20)
0x000000968d8fec20:   000000968d8fec90 00007ffdbcfa128e
0x000000968d8fec30:   0000000000000400 00007ffdbd4324e5
0x000000968d8fec40:   0000000000000000 0000000000000000
0x000000968d8fec50:   0000000000000000 00007ffdbd087733
0x000000968d8fec60:   000000968d8ff1f0 000000968d8ff3c0
0x000000968d8fec70:   0000000000000000 0000028f8f6c567d
0x000000968d8fec80:   0000028fffa03300 00007ffdbcd50000
0x000000968d8fec90:   00007ffdbd5fa738 0000000000000000
0x000000968d8feca0:   0000000000000000 00007ffd0000000c
0x000000968d8fecb0:   000000968d8fecc0 0000009600000000
0x000000968d8fecc0:   0000000046000044 0000028fffa0352c
0x000000968d8fecd0:   4fffffff4fffffff 000000004fffffff
0x000000968d8fece0:   00007ffdbd5fa738 0000028fff92cba0
0x000000968d8fecf0:   0000000000000002 0000028f0000000e
0x000000968d8fed00:   000000968d8fed20 00007ffd00000001
0x000000968d8fed10:   0000000000000000 0000028f00000000 

Instructions: (pc=0x00007ffdbd431fd9)
0x00007ffdbd431fb9:   1f 6e 00 cc cc cc cc 40 53 48 83 ec 30 48 8b 41
0x00007ffdbd431fc9:   08 48 8b d9 c7 41 10 00 00 00 00 48 89 7c 24 48
0x00007ffdbd431fd9:   80 78 06 28 74 2b 4c 8d 0d ca a6 21 00 c7 44 24
0x00007ffdbd431fe9:   20 28 00 00 00 41 b8 35 00 00 00 48 8d 15 c5 a6 


Stack slot to memory mapping:
stack at sp + 0 slots: 0x000000968d8fec90 points into unknown readable memory: 0x00007ffdbd5fa738 | 38 a7 5f bd fd 7f 00 00
stack at sp + 1 slots: 0x00007ffdbcfa128e jvm.dll
stack at sp + 2 slots: 0x0000000000000400 is an unknown value
stack at sp + 3 slots: 0x00007ffdbd4324e5 jvm.dll
stack at sp + 4 slots: 0x0 is NULL
stack at sp + 5 slots: 0x0 is NULL
stack at sp + 6 slots: 0x0 is NULL
stack at sp + 7 slots: 0x00007ffdbd087733 jvm.dll

VM_Operation (0x000000968e1ff4a0): GetOrSetLocal, mode: safepoint, requested by thread 0x0000028fffd6e000


---------------  P R O C E S S  ---------------

Threads class SMR info:
_java_thread_list=0x0000028f901794d0, length=24, elements={
0x0000028ff3e57000, 0x0000028fffa6e800, 0x0000028fffa77800, 0x0000028fffac5800,
0x0000028fffac9800, 0x0000028fffad0800, 0x0000028fffad8000, 0x0000028fffad9800,
0x0000028fffadd000, 0x0000028fffd6e000, 0x0000028fffd70000, 0x0000028fffd75000,
0x0000028fffd88000, 0x0000028f902ee800, 0x0000028f90626000, 0x0000028f9067b800,
0x0000028f90e68000, 0x0000028f9111e800, 0x0000028f9111f800, 0x0000028f90828800,
0x0000028f90829800, 0x0000028f90bc9800, 0x0000028f90bc4800, 0x0000028f90bc6000
}

Java Threads: ( => current thread )
  0x0000028ff3e57000 JavaThread "main" [_thread_blocked, id=19084, stack(0x000000968d200000,0x000000968d300000)]
  0x0000028fffa6e800 JavaThread "Reference Handler" daemon [_thread_blocked, id=16316, stack(0x000000968d900000,0x000000968da00000)]
  0x0000028fffa77800 JavaThread "Finalizer" daemon [_thread_blocked, id=7940, stack(0x000000968da00000,0x000000968db00000)]
  0x0000028fffac5800 JavaThread "Signal Dispatcher" daemon [_thread_blocked, id=20268, stack(0x000000968db00000,0x000000968dc00000)]
  0x0000028fffac9800 JavaThread "Attach Listener" daemon [_thread_blocked, id=18064, stack(0x000000968dc00000,0x000000968dd00000)]
  0x0000028fffad0800 JavaThread "Service Thread" daemon [_thread_blocked, id=8408, stack(0x000000968dd00000,0x000000968de00000)]
  0x0000028fffad8000 JavaThread "C2 CompilerThread0" daemon [_thread_blocked, id=17708, stack(0x000000968de00000,0x000000968df00000)]
  0x0000028fffad9800 JavaThread "C1 CompilerThread0" daemon [_thread_blocked, id=5984, stack(0x000000968df00000,0x000000968e000000)]
  0x0000028fffadd000 JavaThread "Sweeper thread" daemon [_thread_blocked, id=19364, stack(0x000000968e000000,0x000000968e100000)]
  0x0000028fffd6e000 JavaThread "JDWP Transport Listener: dt_socket" daemon [_thread_blocked, id=10784, stack(0x000000968e100000,0x000000968e200000)] _threads_hazard_ptr=0x0000028f901794d0
  0x0000028fffd70000 JavaThread "JDWP Event Helper Thread" daemon [_thread_blocked, id=18640, stack(0x000000968e200000,0x000000968e300000)]
  0x0000028fffd75000 JavaThread "JDWP Command Reader" daemon [_thread_in_native, id=9648, stack(0x000000968e300000,0x000000968e400000)]
  0x0000028fffd88000 JavaThread "Common-Cleaner" daemon [_thread_blocked, id=19088, stack(0x000000968e500000,0x000000968e600000)]
  0x0000028f902ee800 JavaThread "ReaderThread" [_thread_in_native, id=17604, stack(0x000000968e800000,0x000000968e900000)]
  0x0000028f90626000 JavaThread "ForkJoinPool.commonPool-worker-3" daemon [_thread_blocked, id=19376, stack(0x000000968ed00000,0x000000968ee00000)]
  0x0000028f9067b800 JavaThread "AsyncHttpClient-1-1" daemon [_thread_blocked, id=18960, stack(0x000000968ee00000,0x000000968ef00000)]
  0x0000028f90e68000 JavaThread "Exec Default Executor" daemon [_thread_in_native, id=20164, stack(0x000000968ef00000,0x000000968f000000)]
  0x0000028f9111e800 JavaThread "Exec Stream Pumper" daemon [_thread_in_native, id=17652, stack(0x000000968f000000,0x000000968f100000)]
  0x0000028f9111f800 JavaThread "Exec Stream Pumper" daemon [_thread_in_native, id=18056, stack(0x000000968f100000,0x000000968f200000)]
  0x0000028f90828800 JavaThread "Driver Service Executor" daemon [_thread_blocked, id=4556, stack(0x000000968f200000,0x000000968f300000)]
  0x0000028f90829800 JavaThread "Driver Service Executor" daemon [_thread_blocked, id=14972, stack(0x000000968f300000,0x000000968f400000)]
  0x0000028f90bc9800 JavaThread "AsyncHttpClient-1-2" daemon [_thread_in_native, id=3492, stack(0x000000968f600000,0x000000968f700000)]
  0x0000028f90bc4800 JavaThread "AsyncHttpClient-1-3" daemon [_thread_in_native, id=2692, stack(0x000000968f700000,0x000000968f800000)]
  0x0000028f90bc6000 JavaThread "AsyncHttpClient-1-4" daemon [_thread_in_native, id=19868, stack(0x000000968f800000,0x000000968f900000)]

Other Threads:
=>0x0000028fffa46800 VMThread "VM Thread" [stack: 0x000000968d800000,0x000000968d900000] [id=13576]
  0x0000028fffd8b800 WatcherThread [stack: 0x000000968e400000,0x000000968e500000] [id=19504]
  0x0000028ff3e6e000 GCTaskThread "GC Thread#0" [stack: 0x000000968d300000,0x000000968d400000] [id=18296]
  0x0000028f905d1000 GCTaskThread "GC Thread#1" [stack: 0x000000968e600000,0x000000968e700000] [id=18708]
  0x0000028f905cd000 GCTaskThread "GC Thread#2" [stack: 0x000000968e900000,0x000000968ea00000] [id=15684]
  0x0000028f90561800 GCTaskThread "GC Thread#3" [stack: 0x000000968ea00000,0x000000968eb00000] [id=14372]
  0x0000028ff3e86000 ConcurrentGCThread "G1 Main Marker" [stack: 0x000000968d400000,0x000000968d500000] [id=13884]
  0x0000028ff3e89800 ConcurrentGCThread "G1 Conc#0" [stack: 0x000000968d500000,0x000000968d600000] [id=16924]
  0x0000028ff3ecd000 ConcurrentGCThread "G1 Refine#0" [stack: 0x000000968d600000,0x000000968d700000] [id=7448]
  0x0000028fffe8e800 ConcurrentGCThread "G1 Refine#1" [stack: 0x000000968eb00000,0x000000968ec00000] [id=20168]
  0x0000028f8fe41000 ConcurrentGCThread "G1 Refine#2" [stack: 0x000000968ec00000,0x000000968ed00000] [id=16056]
  0x0000028ff3ece800 ConcurrentGCThread "G1 Young RemSet Sampling" [stack: 0x000000968d700000,0x000000968d800000] [id=15272]

Threads with active compile tasks:

VM state:at safepoint (normal execution)

VM Mutex/Monitor currently owned by a thread:  ([mutex/lock_event])
[0x0000028ff3e53f90] Threads_lock - owner thread: 0x0000028fffa46800

Heap address: 0x00000000c9400000, size: 876 MB, Compressed Oops mode: 32-bit
Narrow klass base: 0x0000000000000000, Narrow klass shift: 3
Compressed class space size: 1073741824 Address: 0x0000000100000000

Heap:
 garbage-first heap   total 57344K, used 20237K [0x00000000c9400000, 0x0000000100000000)
  region size 1024K, 9 young (9216K), 3 survivors (3072K)
 Metaspace       used 30369K, capacity 31194K, committed 31232K, reserved 1077248K
  class space    used 3486K, capacity 3821K, committed 3840K, reserved 1048576K
Heap Regions: E=young(eden), S=young(survivor), O=old, HS=humongous(starts), HC=humongous(continues), CS=collection set, F=free, A=archive, TAMS=top-at-mark-start (previous, next)
|   0|0x00000000c9400000, 0x00000000c9500000, 0x00000000c9500000|100%| O|  |TAMS 0x00000000c9500000, 0x00000000c9400000| Untracked 
|   1|0x00000000c9500000, 0x00000000c9600000, 0x00000000c9600000|100%| O|  |TAMS 0x00000000c9600000, 0x00000000c9500000| Untracked 
|   2|0x00000000c9600000, 0x00000000c9700000, 0x00000000c9700000|100%| O|  |TAMS 0x00000000c9700000, 0x00000000c9600000| Untracked 
|   3|0x00000000c9700000, 0x00000000c9800000, 0x00000000c9800000|100%| O|  |TAMS 0x00000000c9800000, 0x00000000c9700000| Untracked 
|   4|0x00000000c9800000, 0x00000000c9900000, 0x00000000c9900000|100%| O|  |TAMS 0x00000000c9873800, 0x00000000c9800000| Untracked 
|   5|0x00000000c9900000, 0x00000000c9a00000, 0x00000000c9a00000|100%|HS|  |TAMS 0x00000000c9900000, 0x00000000c9900000| Complete 
|   6|0x00000000c9a00000, 0x00000000c9b00000, 0x00000000c9b00000|100%|HC|  |TAMS 0x00000000c9a00000, 0x00000000c9a00000| Complete 
|   7|0x00000000c9b00000, 0x00000000c9c00000, 0x00000000c9c00000|100%|HC|  |TAMS 0x00000000c9b00000, 0x00000000c9b00000| Complete 
|   8|0x00000000c9c00000, 0x00000000c9d00000, 0x00000000c9d00000|100%|HC|  |TAMS 0x00000000c9c00000, 0x00000000c9c00000| Complete 
|   9|0x00000000c9d00000, 0x00000000c9e00000, 0x00000000c9e00000|100%|HC|  |TAMS 0x00000000c9d00000, 0x00000000c9d00000| Complete 
|  10|0x00000000c9e00000, 0x00000000c9f00000, 0x00000000c9f00000|100%| O|  |TAMS 0x00000000c9e00000, 0x00000000c9e00000| Untracked 
|  11|0x00000000c9f00000, 0x00000000c9fc3600, 0x00000000ca000000| 76%| O|  |TAMS 0x00000000c9f00000, 0x00000000c9f00000| Untracked 
|  12|0x00000000ca000000, 0x00000000ca000000, 0x00000000ca100000|  0%| F|  |TAMS 0x00000000ca000000, 0x00000000ca000000| Untracked 
|  13|0x00000000ca100000, 0x00000000ca100000, 0x00000000ca200000|  0%| F|  |TAMS 0x00000000ca100000, 0x00000000ca100000| Untracked 
|  14|0x00000000ca200000, 0x00000000ca200000, 0x00000000ca300000|  0%| F|  |TAMS 0x00000000ca200000, 0x00000000ca200000| Untracked 
|  15|0x00000000ca300000, 0x00000000ca300000, 0x00000000ca400000|  0%| F|  |TAMS 0x00000000ca300000, 0x00000000ca300000| Untracked 
|  16|0x00000000ca400000, 0x00000000ca400000, 0x00000000ca500000|  0%| F|  |TAMS 0x00000000ca400000, 0x00000000ca400000| Untracked 
|  17|0x00000000ca500000, 0x00000000ca500000, 0x00000000ca600000|  0%| F|  |TAMS 0x00000000ca500000, 0x00000000ca500000| Untracked 
|  18|0x00000000ca600000, 0x00000000ca600000, 0x00000000ca700000|  0%| F|  |TAMS 0x00000000ca600000, 0x00000000ca600000| Untracked 
|  19|0x00000000ca700000, 0x00000000ca700000, 0x00000000ca800000|  0%| F|  |TAMS 0x00000000ca700000, 0x00000000ca700000| Untracked 
|  20|0x00000000ca800000, 0x00000000ca800000, 0x00000000ca900000|  0%| F|  |TAMS 0x00000000ca800000, 0x00000000ca800000| Untracked 
|  21|0x00000000ca900000, 0x00000000ca900000, 0x00000000caa00000|  0%| F|  |TAMS 0x00000000ca900000, 0x00000000ca900000| Untracked 
|  22|0x00000000caa00000, 0x00000000caa00000, 0x00000000cab00000|  0%| F|  |TAMS 0x00000000caa00000, 0x00000000caa00000| Untracked 
|  23|0x00000000cab00000, 0x00000000cab00000, 0x00000000cac00000|  0%| F|  |TAMS 0x00000000cab00000, 0x00000000cab00000| Untracked 
|  24|0x00000000cac00000, 0x00000000cac00000, 0x00000000cad00000|  0%| F|  |TAMS 0x00000000cac00000, 0x00000000cac00000| Untracked 
|  25|0x00000000cad00000, 0x00000000cae00000, 0x00000000cae00000|100%| S|CS|TAMS 0x00000000cad00000, 0x00000000cad00000| Complete 
|  26|0x00000000cae00000, 0x00000000caf00000, 0x00000000caf00000|100%| S|CS|TAMS 0x00000000cae00000, 0x00000000cae00000| Complete 
|  27|0x00000000caf00000, 0x00000000caf00000, 0x00000000cb000000|  0%| F|  |TAMS 0x00000000caf00000, 0x00000000caf00000| Untracked 
|  28|0x00000000cb000000, 0x00000000cb000000, 0x00000000cb100000|  0%| F|  |TAMS 0x00000000cb000000, 0x00000000cb000000| Untracked 
|  29|0x00000000cb100000, 0x00000000cb100000, 0x00000000cb200000|  0%| F|  |TAMS 0x00000000cb100000, 0x00000000cb100000| Untracked 
|  30|0x00000000cb200000, 0x00000000cb200000, 0x00000000cb300000|  0%| F|  |TAMS 0x00000000cb200000, 0x00000000cb200000| Untracked 
|  31|0x00000000cb300000, 0x00000000cb400000, 0x00000000cb400000|100%| S|CS|TAMS 0x00000000cb300000, 0x00000000cb300000| Complete 
|  32|0x00000000cb400000, 0x00000000cb400000, 0x00000000cb500000|  0%| F|  |TAMS 0x00000000cb400000, 0x00000000cb400000| Untracked 
|  33|0x00000000cb500000, 0x00000000cb500000, 0x00000000cb600000|  0%| F|  |TAMS 0x00000000cb500000, 0x00000000cb500000| Untracked 
|  34|0x00000000cb600000, 0x00000000cb600000, 0x00000000cb700000|  0%| F|  |TAMS 0x00000000cb600000, 0x00000000cb600000| Untracked 
|  35|0x00000000cb700000, 0x00000000cb700000, 0x00000000cb800000|  0%| F|  |TAMS 0x00000000cb700000, 0x00000000cb700000| Untracked 
|  36|0x00000000cb800000, 0x00000000cb800000, 0x00000000cb900000|  0%| F|  |TAMS 0x00000000cb800000, 0x00000000cb800000| Untracked 
|  37|0x00000000cb900000, 0x00000000cb900000, 0x00000000cba00000|  0%| F|  |TAMS 0x00000000cb900000, 0x00000000cb900000| Untracked 
|  38|0x00000000cba00000, 0x00000000cba00000, 0x00000000cbb00000|  0%| F|  |TAMS 0x00000000cba00000, 0x00000000cba00000| Untracked 
|  39|0x00000000cbb00000, 0x00000000cbb00000, 0x00000000cbc00000|  0%| F|  |TAMS 0x00000000cbb00000, 0x00000000cbb00000| Untracked 
|  40|0x00000000cbc00000, 0x00000000cbc00000, 0x00000000cbd00000|  0%| F|  |TAMS 0x00000000cbc00000, 0x00000000cbc00000| Untracked 
|  41|0x00000000cbd00000, 0x00000000cbd00000, 0x00000000cbe00000|  0%| F|  |TAMS 0x00000000cbd00000, 0x00000000cbd00000| Untracked 
|  42|0x00000000cbe00000, 0x00000000cbe00000, 0x00000000cbf00000|  0%| F|  |TAMS 0x00000000cbe00000, 0x00000000cbe00000| Untracked 
|  43|0x00000000cbf00000, 0x00000000cbf00000, 0x00000000cc000000|  0%| F|  |TAMS 0x00000000cbf00000, 0x00000000cbf00000| Untracked 
|  44|0x00000000cc000000, 0x00000000cc000000, 0x00000000cc100000|  0%| F|  |TAMS 0x00000000cc000000, 0x00000000cc000000| Untracked 
|  45|0x00000000cc100000, 0x00000000cc100000, 0x00000000cc200000|  0%| F|  |TAMS 0x00000000cc100000, 0x00000000cc100000| Untracked 
|  46|0x00000000cc200000, 0x00000000cc200000, 0x00000000cc300000|  0%| F|  |TAMS 0x00000000cc200000, 0x00000000cc200000| Untracked 
|  47|0x00000000cc300000, 0x00000000cc300000, 0x00000000cc400000|  0%| F|  |TAMS 0x00000000cc300000, 0x00000000cc300000| Untracked 
|  48|0x00000000cc400000, 0x00000000cc400000, 0x00000000cc500000|  0%| F|  |TAMS 0x00000000cc400000, 0x00000000cc400000| Untracked 
|  49|0x00000000cc500000, 0x00000000cc500000, 0x00000000cc600000|  0%| F|  |TAMS 0x00000000cc500000, 0x00000000cc500000| Untracked 
|  50|0x00000000cc600000, 0x00000000cc63b690, 0x00000000cc700000| 23%| E|  |TAMS 0x00000000cc600000, 0x00000000cc600000| Complete 
|  51|0x00000000cc700000, 0x00000000cc800000, 0x00000000cc800000|100%| E|CS|TAMS 0x00000000cc700000, 0x00000000cc700000| Complete 
|  52|0x00000000cc800000, 0x00000000cc900000, 0x00000000cc900000|100%| E|CS|TAMS 0x00000000cc800000, 0x00000000cc800000| Complete 
|  53|0x00000000cc900000, 0x00000000cca00000, 0x00000000cca00000|100%| E|CS|TAMS 0x00000000cc900000, 0x00000000cc900000| Complete 
|  54|0x00000000cca00000, 0x00000000ccb00000, 0x00000000ccb00000|100%| E|CS|TAMS 0x00000000cca00000, 0x00000000cca00000| Complete 
|  55|0x00000000ccb00000, 0x00000000ccc00000, 0x00000000ccc00000|100%| E|CS|TAMS 0x00000000ccb00000, 0x00000000ccb00000| Complete 

Card table byte_map: [0x0000028ffb6e0000,0x0000028ffb8a0000] _byte_map_base: 0x0000028ffb096000

Marking Bits (Prev, Next): (CMBitMap*) 0x0000028ff3e81b40, (CMBitMap*) 0x0000028ff3e81b08
 Prev Bits: [0x0000028ffc810000, 0x0000028ffd5c0000)
 Next Bits: [0x0000028ffba60000, 0x0000028ffc810000)

Polling page: 0x0000028ff3620000

Metaspace:

Usage:
  Non-class:     26.73 MB capacity,    26.25 MB ( 98%) used,   396.66 KB (  1%) free+waste,    92.88 KB ( <1%) overhead. 
      Class:      3.73 MB capacity,     3.40 MB ( 91%) used,   289.09 KB (  8%) free+waste,    45.56 KB (  1%) overhead. 
       Both:     30.46 MB capacity,    29.66 MB ( 97%) used,   685.74 KB (  2%) free+waste,   138.44 KB ( <1%) overhead. 

Virtual space:
  Non-class space:       28.00 MB reserved,      26.75 MB ( 96%) committed 
      Class space:        1.00 GB reserved,       3.75 MB ( <1%) committed 
             Both:        1.03 GB reserved,      30.50 MB (  3%) committed 

Chunk freelists:
   Non-Class:  2.38 KB
       Class:  2.38 KB
        Both:  4.75 KB

CodeHeap 'non-profiled nmethods': size=120064Kb used=978Kb max_used=978Kb free=119085Kb
 bounds [0x0000028f87ac0000, 0x0000028f87d30000, 0x0000028f8f000000]
CodeHeap 'profiled nmethods': size=120000Kb used=4588Kb max_used=4588Kb free=115411Kb
 bounds [0x0000028f80590000, 0x0000028f80a10000, 0x0000028f87ac0000]
CodeHeap 'non-nmethods': size=5696Kb used=1281Kb max_used=1308Kb free=4414Kb
 bounds [0x0000028f80000000, 0x0000028f80270000, 0x0000028f80590000]
 total_blobs=2827 nmethods=2278 adapters=468
 compilation: enabled
              stopped_count=0, restarted_count=0
 full_count=0

Compilation events (10 events):
Event: 9055.424 Thread 0x0000028fffad8000 2275       4       java.util.concurrent.TimeUnit::toNanos (45 bytes)
Event: 9055.430 Thread 0x0000028fffad8000 nmethod 2275 0x0000028f87baff10 code [0x0000028f87bb0080, 0x0000028f87bb0198]
Event: 9067.530 Thread 0x0000028fffad8000 2276       4       java.util.AbstractQueue::add (20 bytes)
Event: 9067.552 Thread 0x0000028fffad8000 nmethod 2276 0x0000028f87bb0290 code [0x0000028f87bb0420, 0x0000028f87bb0748]
Event: 9079.629 Thread 0x0000028fffad8000 2277   !   4       io.netty.util.HashedWheelTimer::start (103 bytes)
Event: 9079.684 Thread 0x0000028fffad8000 nmethod 2277 0x0000028f87bb0a10 code [0x0000028f87bb0b80, 0x0000028f87bb0c38]
Event: 9080.733 Thread 0x0000028fffad8000 2278       4       io.netty.util.HashedWheelTimer::newTimeout (167 bytes)
Event: 9080.808 Thread 0x0000028fffad8000 nmethod 2278 0x0000028f87bb0d10 code [0x0000028f87bb0ec0, 0x0000028f87bb1788]
Event: 9092.831 Thread 0x0000028fffad8000 2279       4       io.netty.util.concurrent.ImmediateExecutor::execute (15 bytes)
Event: 9093.105 Thread 0x0000028fffad8000 nmethod 2279 0x0000028f87bb1d90 code [0x0000028f87bb1fe0, 0x0000028f87bb3708]

GC Heap History (10 events):
Event: 1.971 GC heap before
{Heap before GC invocations=1 (full 0):
 garbage-first heap   total 57344K, used 11475K [0x00000000c9400000, 0x0000000100000000)
  region size 1024K, 9 young (9216K), 2 survivors (2048K)
 Metaspace       used 14881K, capacity 15323K, committed 15616K, reserved 1062912K
  class space    used 1525K, capacity 1676K, committed 1792K, reserved 1048576K
}
Event: 1.975 GC heap after
{Heap after GC invocations=2 (full 0):
 garbage-first heap   total 57344K, used 5113K [0x00000000c9400000, 0x0000000100000000)
  region size 1024K, 1 young (1024K), 1 survivors (1024K)
 Metaspace       used 14881K, capacity 15323K, committed 15616K, reserved 1062912K
  class space    used 1525K, capacity 1676K, committed 1792K, reserved 1048576K
}
Event: 2.455 GC heap before
{Heap before GC invocations=2 (full 0):
 garbage-first heap   total 57344K, used 25593K [0x00000000c9400000, 0x0000000100000000)
  region size 1024K, 21 young (21504K), 1 survivors (1024K)
 Metaspace       used 18484K, capacity 19056K, committed 19200K, reserved 1067008K
  class space    used 2012K, capacity 2200K, committed 2304K, reserved 1048576K
}
Event: 2.457 GC heap after
{Heap after GC invocations=3 (full 0):
 garbage-first heap   total 57344K, used 5980K [0x00000000c9400000, 0x0000000100000000)
  region size 1024K, 2 young (2048K), 2 survivors (2048K)
 Metaspace       used 18484K, capacity 19056K, committed 19200K, reserved 1067008K
  class space    used 2012K, capacity 2200K, committed 2304K, reserved 1048576K
}
Event: 2.669 GC heap before
{Heap before GC invocations=3 (full 0):
 garbage-first heap   total 57344K, used 9052K [0x00000000c9400000, 0x0000000100000000)
  region size 1024K, 6 young (6144K), 2 survivors (2048K)
 Metaspace       used 20641K, capacity 21121K, committed 21248K, reserved 1069056K
  class space    used 2240K, capacity 2442K, committed 2560K, reserved 1048576K
}
Event: 2.672 GC heap after
{Heap after GC invocations=4 (full 0):
 garbage-first heap   total 57344K, used 7019K [0x00000000c9400000, 0x0000000100000000)
  region size 1024K, 3 young (3072K), 3 survivors (3072K)
 Metaspace       used 20641K, capacity 21121K, committed 21248K, reserved 1069056K
  class space    used 2240K, capacity 2442K, committed 2560K, reserved 1048576K
}
Event: 3.431 GC heap before
{Heap before GC invocations=5 (full 0):
 garbage-first heap   total 57344K, used 29547K [0x00000000c9400000, 0x0000000100000000)
  region size 1024K, 25 young (25600K), 3 survivors (3072K)
 Metaspace       used 25538K, capacity 26258K, committed 26496K, reserved 1073152K
  class space    used 2874K, capacity 3178K, committed 3200K, reserved 1048576K
}
Event: 3.441 GC heap after
{Heap after GC invocations=6 (full 0):
 garbage-first heap   total 57344K, used 8907K [0x00000000c9400000, 0x0000000100000000)
  region size 1024K, 4 young (4096K), 4 survivors (4096K)
 Metaspace       used 25538K, capacity 26258K, committed 26496K, reserved 1073152K
  class space    used 2874K, capacity 3178K, committed 3200K, reserved 1048576K
}
Event: 6.406 GC heap before
{Heap before GC invocations=6 (full 0):
 garbage-first heap   total 57344K, used 38603K [0x00000000c9400000, 0x0000000100000000)
  region size 1024K, 28 young (28672K), 4 survivors (4096K)
 Metaspace       used 29271K, capacity 30073K, committed 30208K, reserved 1075200K
  class space    used 3387K, capacity 3726K, committed 3840K, reserved 1048576K
}
Event: 6.412 GC heap after
{Heap after GC invocations=7 (full 0):
 garbage-first heap   total 57344K, used 15117K [0x00000000c9400000, 0x0000000100000000)
  region size 1024K, 3 young (3072K), 3 survivors (3072K)
 Metaspace       used 29271K, capacity 30073K, committed 30208K, reserved 1075200K
  class space    used 3387K, capacity 3726K, committed 3840K, reserved 1048576K
}

Deoptimization events (10 events):
Event: 6.475 Thread 0x0000028f90bc9800 Uncommon trap: reason=unstable_if action=reinterpret pc=0x0000028f87b53678 method=java.io.ByteArrayInputStream.read()I @ 8 c2
Event: 9.822 Thread 0x0000028ff3e57000 Uncommon trap: reason=unstable_if action=reinterpret pc=0x0000028f87afd8a8 method=java.lang.StringCoding.hasNegatives([BII)Z @ 12 c2
Event: 9.822 Thread 0x0000028ff3e57000 Uncommon trap: reason=unstable_if action=reinterpret pc=0x0000028f87aeaa24 method=java.lang.AbstractStringBuilder.putStringAt(ILjava/lang/String;)V @ 8 c2
Event: 9.822 Thread 0x0000028ff3e57000 Uncommon trap: reason=unstable_if action=reinterpret pc=0x0000028f87b0e7e8 method=java.lang.AbstractStringBuilder.isLatin1()Z @ 10 c2
Event: 9.822 Thread 0x0000028ff3e57000 Uncommon trap: reason=unstable_if action=reinterpret pc=0x0000028f87ae0154 method=java.lang.StringLatin1.canEncode(I)Z @ 4 c2
Event: 9.822 Thread 0x0000028ff3e57000 Uncommon trap: reason=unstable_if action=reinterpret pc=0x0000028f87ae4d70 method=java.lang.AbstractStringBuilder.isLatin1()Z @ 10 c2
Event: 9.822 Thread 0x0000028ff3e57000 Uncommon trap: reason=unstable_if action=reinterpret pc=0x0000028f87ae85f8 method=java.lang.AbstractStringBuilder.putStringAt(ILjava/lang/String;)V @ 8 c2
Event: 9.822 Thread 0x0000028ff3e57000 Uncommon trap: reason=unstable_if action=reinterpret pc=0x0000028f87b25408 method=java.lang.String.getBytes([BIB)V @ 5 c2
Event: 9.823 Thread 0x0000028ff3e57000 Uncommon trap: reason=unstable_if action=reinterpret pc=0x0000028f87b57190 method=java.lang.String.indexOf(Ljava/lang/String;)I @ 8 c2
Event: 8589.000 Thread 0x0000028f9067b800 Uncommon trap: reason=unstable_if action=reinterpret pc=0x0000028f87baae88 method=io.netty.util.HashedWheelTimer$HashedWheelBucket.expireTimeouts(J)V @ 21 c2

Classes redefined (4 events):
Event: 8662.844 Thread 0x0000028fffa46800 redefined class name=com.obsqura.TestNGframework.DropDown, count=1
Event: 9286.922 Thread 0x0000028fffa46800 redefined class name=com.obsqura.TestNGframework.DropDown, count=2
Event: 9804.761 Thread 0x0000028fffa46800 redefined class name=com.obsqura.TestNGframework.DropDown, count=3
Event: 10029.783 Thread 0x0000028fffa46800 redefined class name=com.obsqura.TestNGframework.DropDown, count=4

Internal exceptions (10 events):
Event: 3.258 Thread 0x0000028ff3e57000 Exception <a 'java/lang/NoSuchMethodError'{0x00000000cb7f2150}: java.lang.invoke.DirectMethodHandle$Holder.invokeVirtual(Ljava/lang/Object;Ljava/lang/Object;)D> (0x00000000cb7f2150) thrown at [./open/src/hotspot/share/interpreter/linkResolver.cpp, line 77
Event: 3.261 Thread 0x0000028ff3e57000 Exception <a 'java/lang/NoSuchMethodError'{0x00000000cb7f81b0}: java.lang.invoke.DirectMethodHandle$Holder.invokeVirtual(Ljava/lang/Object;Ljava/lang/Object;)F> (0x00000000cb7f81b0) thrown at [./open/src/hotspot/share/interpreter/linkResolver.cpp, line 77
Event: 3.265 Thread 0x0000028ff3e57000 Exception <a 'java/lang/NoSuchMethodError'{0x00000000cb600d70}: java.lang.invoke.DirectMethodHandle$Holder.invokeVirtual(Ljava/lang/Object;Ljava/lang/Object;)J> (0x00000000cb600d70) thrown at [./open/src/hotspot/share/interpreter/linkResolver.cpp, line 77
Event: 3.274 Thread 0x0000028ff3e57000 Exception <a 'java/lang/NoSuchMethodError'{0x00000000cb63e7f8}: java.lang.invoke.DirectMethodHandle$Holder.invokeVirtual(Ljava/lang/Object;Ljava/lang/Object;Ljava/lang/Object;)Ljava/lang/Object;> (0x00000000cb63e7f8) thrown at [./open/src/hotspot/share/in
Event: 3.306 Thread 0x0000028ff3e57000 Exception <a 'java/lang/NoSuchMethodError'{0x00000000cb576c38}: java.lang.invoke.DirectMethodHandle$Holder.invokeSpecial(Ljava/lang/Object;Ljava/lang/Object;Ljava/lang/Object;Ljava/lang/Object;Ljava/lang/Object;)V> (0x00000000cb576c38) thrown at [./open/s
Event: 3.309 Thread 0x0000028ff3e57000 Exception <a 'java/lang/NoSuchMethodError'{0x00000000cb57d9a8}: java.lang.invoke.DirectMethodHandle$Holder.invokeStatic(Ljava/lang/Object;Ljava/lang/Object;I)V> (0x00000000cb57d9a8) thrown at [./open/src/hotspot/share/interpreter/linkResolver.cpp, line 77
Event: 3.447 Thread 0x0000028ff3e57000 Exception <a 'java/lang/NoSuchMethodError'{0x00000000ccb19698}: java.lang.invoke.DirectMethodHandle$Holder.invokeSpecialIFC(Ljava/lang/Object;Ljava/lang/Object;Ljava/lang/Object;)I> (0x00000000ccb19698) thrown at [./open/src/hotspot/share/interpreter/link
Event: 3.587 Thread 0x0000028ff3e57000 Exception <a 'java/lang/NoSuchMethodError'{0x00000000cc600b10}: java.lang.invoke.DirectMethodHandle$Holder.invokeSpecial(Ljava/lang/Object;Ljava/lang/Object;Ljava/lang/Object;Ljava/lang/Object;Ljava/lang/Object;Ljava/lang/Object;)V> (0x00000000cc600b10) t
Event: 6.273 Thread 0x0000028ff3e57000 Exception <a 'java/lang/NoSuchMethodError'{0x00000000cb9d8380}: java.lang.invoke.DirectMethodHandle$Holder.invokeSpecialIFC(Ljava/lang/Object;Ljava/lang/Object;Ljava/lang/Object;)Ljava/lang/Object;> (0x00000000cb9d8380) thrown at [./open/src/hotspot/share
Event: 6.446 Thread 0x0000028ff3e57000 Exception <a 'java/lang/ClassNotFoundException'{0x00000000cca14660}: sun/util/logging/resources/spi/loggingProvider> (0x00000000cca14660) thrown at [./open/src/hotspot/share/classfile/systemDictionary.cpp, line 226]

Events (10 events):
Event: 10124.541 Executing VM operation: GetCurrentContendedMonitor done
Event: 10124.541 Executing VM operation: GetOwnedMonitorInfo
Event: 10124.541 Executing VM operation: GetOwnedMonitorInfo done
Event: 10124.571 Executing VM operation: GetCurrentContendedMonitor
Event: 10124.571 Executing VM operation: GetCurrentContendedMonitor done
Event: 10124.572 Executing VM operation: GetOwnedMonitorInfo
Event: 10124.572 Executing VM operation: GetOwnedMonitorInfo done
Event: 10126.024 Executing VM operation: GetFrameLocation
Event: 10126.024 Executing VM operation: GetFrameLocation done
Event: 10126.025 Executing VM operation: GetOrSetLocal


Dynamic libraries:
0x00007ff689ce0000 - 0x00007ff689cf0000 	C:\Program Files\Java\jdk-11\bin\javaw.exe
0x00007ffddcbb0000 - 0x00007ffddcdc4000 	C:\WINDOWS\SYSTEM32\ntdll.dll
0x00007ffddae90000 - 0x00007ffddaf52000 	C:\WINDOWS\System32\KERNEL32.DLL
0x00007ffdda410000 - 0x00007ffdda7b3000 	C:\WINDOWS\System32\KERNELBASE.dll
0x00007ffdda250000 - 0x00007ffdda361000 	C:\WINDOWS\System32\ucrtbase.dll
0x00007ffdc6ba0000 - 0x00007ffdc6bb8000 	C:\Program Files\Java\jdk-11\bin\jli.dll
0x00007ffdc6b40000 - 0x00007ffdc6b5b000 	C:\Program Files\Java\jdk-11\bin\VCRUNTIME140.dll
0x00007ffddb980000 - 0x00007ffddba2e000 	C:\WINDOWS\System32\ADVAPI32.dll
0x00007ffddb860000 - 0x00007ffddb907000 	C:\WINDOWS\System32\msvcrt.dll
0x00007ffddb060000 - 0x00007ffddb104000 	C:\WINDOWS\System32\sechost.dll
0x00007ffddb140000 - 0x00007ffddb257000 	C:\WINDOWS\System32\RPCRT4.dll
0x00007ffddabb0000 - 0x00007ffddad5b000 	C:\WINDOWS\System32\USER32.dll
0x00007ffdda7c0000 - 0x00007ffdda7e6000 	C:\WINDOWS\System32\win32u.dll
0x00007ffddb6a0000 - 0x00007ffddb6c9000 	C:\WINDOWS\System32\GDI32.dll
0x00007ffdda7f0000 - 0x00007ffdda909000 	C:\WINDOWS\System32\gdi32full.dll
0x00007ffdda370000 - 0x00007ffdda40a000 	C:\WINDOWS\System32\msvcp_win.dll
0x00007ffdc1de0000 - 0x00007ffdc206e000 	C:\WINDOWS\WinSxS\amd64_microsoft.windows.common-controls_6595b64144ccf1df_6.0.22621.1635_none_270f70857386168e\COMCTL32.dll
0x00007ffdd8ce0000 - 0x00007ffdd8cea000 	C:\WINDOWS\SYSTEM32\VERSION.dll
0x00007ffddba30000 - 0x00007ffddba61000 	C:\WINDOWS\System32\IMM32.DLL
0x00007ffdc6b90000 - 0x00007ffdc6b9c000 	C:\Program Files\Java\jdk-11\bin\vcruntime140_1.dll
0x00007ffdc64e0000 - 0x00007ffdc656e000 	C:\Program Files\Java\jdk-11\bin\msvcp140.dll
0x00007ffdbcd50000 - 0x00007ffdbd8b8000 	C:\Program Files\Java\jdk-11\bin\server\jvm.dll
0x00007ffddb130000 - 0x00007ffddb138000 	C:\WINDOWS\System32\PSAPI.DLL
0x00007ffdc64d0000 - 0x00007ffdc64d9000 	C:\WINDOWS\SYSTEM32\WSOCK32.dll
0x00007ffdd24f0000 - 0x00007ffdd2524000 	C:\WINDOWS\SYSTEM32\WINMM.dll
0x00007ffddaf60000 - 0x00007ffddafd1000 	C:\WINDOWS\System32\WS2_32.dll
0x00007ffdd9000000 - 0x00007ffdd9018000 	C:\WINDOWS\SYSTEM32\kernel.appcore.dll
0x00007ffdc64b0000 - 0x00007ffdc64c0000 	C:\Program Files\Java\jdk-11\bin\verify.dll
0x00007ffdcf960000 - 0x00007ffdcfb8e000 	C:\WINDOWS\SYSTEM32\DBGHELP.DLL
0x00007ffddb260000 - 0x00007ffddb5e9000 	C:\WINDOWS\System32\combase.dll
0x00007ffddc5f0000 - 0x00007ffddc6c7000 	C:\WINDOWS\System32\OLEAUT32.dll
0x00007ffdc7130000 - 0x00007ffdc7162000 	C:\WINDOWS\SYSTEM32\dbgcore.DLL
0x00007ffdda910000 - 0x00007ffdda98b000 	C:\WINDOWS\System32\bcryptPrimitives.dll
0x00007ffdc6480000 - 0x00007ffdc64a8000 	C:\Program Files\Java\jdk-11\bin\java.dll
0x00007ffdc6470000 - 0x00007ffdc647a000 	C:\Program Files\Java\jdk-11\bin\jimage.dll
0x00007ffdb9460000 - 0x00007ffdb9498000 	C:\Program Files\Java\jdk-11\bin\jdwp.dll
0x00007ffdc6450000 - 0x00007ffdc6467000 	C:\Program Files\Java\jdk-11\bin\zip.dll
0x00007ffddbcf0000 - 0x00007ffddc4ea000 	C:\WINDOWS\System32\SHELL32.dll
0x00007ffdd8390000 - 0x00007ffdd8c5e000 	C:\WINDOWS\SYSTEM32\windows.storage.dll
0x00007ffdd8250000 - 0x00007ffdd838e000 	C:\WINDOWS\SYSTEM32\wintypes.dll
0x00007ffddc4f0000 - 0x00007ffddc5e1000 	C:\WINDOWS\System32\SHCORE.dll
0x00007ffdda990000 - 0x00007ffdda9ee000 	C:\WINDOWS\System32\shlwapi.dll
0x00007ffdd9ee0000 - 0x00007ffdd9f01000 	C:\WINDOWS\SYSTEM32\profapi.dll
0x00007ffdd5880000 - 0x00007ffdd588b000 	C:\Program Files\Java\jdk-11\bin\dt_socket.dll
0x00007ffdd9470000 - 0x00007ffdd94d9000 	C:\WINDOWS\System32\mswsock.dll
0x00007ffdd7fd0000 - 0x00007ffdd80c3000 	C:\WINDOWS\SYSTEM32\DNSAPI.dll
0x00007ffdd7f50000 - 0x00007ffdd7f7d000 	C:\WINDOWS\SYSTEM32\IPHLPAPI.DLL
0x00007ffddb910000 - 0x00007ffddb919000 	C:\WINDOWS\System32\NSI.dll
0x00007ffdd0bc0000 - 0x00007ffdd0c44000 	C:\WINDOWS\System32\fwpuclnt.dll
0x00007ffdc5b40000 - 0x00007ffdc5b4a000 	C:\Windows\System32\rasadhlp.dll
0x00007ffdc5f70000 - 0x00007ffdc5f89000 	C:\Program Files\Java\jdk-11\bin\net.dll
0x00007ffdd1850000 - 0x00007ffdd1987000 	C:\WINDOWS\SYSTEM32\WINHTTP.dll
0x00007ffdbdad0000 - 0x00007ffdbdae2000 	C:\Program Files\Java\jdk-11\bin\nio.dll
0x00007ffdd96d0000 - 0x00007ffdd96eb000 	C:\WINDOWS\SYSTEM32\CRYPTSP.dll
0x00007ffdd8f70000 - 0x00007ffdd8fa5000 	C:\WINDOWS\system32\rsaenh.dll
0x00007ffdd9570000 - 0x00007ffdd9598000 	C:\WINDOWS\SYSTEM32\USERENV.dll
0x00007ffdd9890000 - 0x00007ffdd98b8000 	C:\WINDOWS\SYSTEM32\bcrypt.dll
0x00007ffdd96f0000 - 0x00007ffdd96fc000 	C:\WINDOWS\SYSTEM32\CRYPTBASE.dll
0x00007ffdd17b0000 - 0x00007ffdd17c9000 	C:\WINDOWS\SYSTEM32\dhcpcsvc6.DLL
0x00007ffdd16c0000 - 0x00007ffdd16df000 	C:\WINDOWS\SYSTEM32\dhcpcsvc.DLL
0x00007ffdb0760000 - 0x00007ffdb0769000 	C:\Program Files\Java\jdk-11\bin\management.dll
0x00007ffdb0750000 - 0x00007ffdb075b000 	C:\Program Files\Java\jdk-11\bin\management_ext.dll
0x00007ffdb36d0000 - 0x00007ffdb36dd000 	C:\Program Files\Java\jdk-11\bin\sunmscapi.dll
0x00007ffdd9fb0000 - 0x00007ffdda117000 	C:\WINDOWS\System32\CRYPT32.dll
0x00007ffdd9860000 - 0x00007ffdd988e000 	C:\WINDOWS\SYSTEM32\ncrypt.dll
0x00007ffdd9820000 - 0x00007ffdd9857000 	C:\WINDOWS\SYSTEM32\NTASN1.dll
0x00007ffdb3700000 - 0x00007ffdb3727000 	C:\Program Files\Java\jdk-11\bin\sunec.dll

dbghelp: loaded successfully - version: 4.0.5 - missing functions: none
symbol engine: initialized successfully - sym options: 0x614 - pdb path: .;C:\Program Files\Java\jdk-11\bin;C:\WINDOWS\SYSTEM32;C:\WINDOWS\WinSxS\amd64_microsoft.windows.common-controls_6595b64144ccf1df_6.0.22621.1635_none_270f70857386168e;C:\Program Files\Java\jdk-11\bin\server

VM Arguments:
jvm_args: -agentlib:jdwp=transport=dt_socket,suspend=y,address=localhost:55602 -ea -Dfile.encoding=UTF-8 
java_command: org.testng.remote.RemoteTestNG -serport 55601 -protocol json -d C:\Users\abhij\OneDrive\Documents\Eclipse_Workspace\TestNGframework\test-output C:\Users\abhij\AppData\Local\Temp\testng-eclipse-1189596788\testng-customsuite.xml
java_class_path (initial): C:\eclipse\configuration\org.eclipse.osgi\429\0\.cp\lib\testng-remote.jar;C:\Users\abhij\OneDrive\Documents\Eclipse_Workspace\TestNGframework\target\test-classes;C:\Users\abhij\OneDrive\Documents\Eclipse_Workspace\TestNGframework\target\classes;C:\Users\abhij\.m2\repository\org\testng\testng\7.5\testng-7.5.jar;C:\Users\abhij\.m2\repository\com\google\code\findbugs\jsr305\3.0.1\jsr305-3.0.1.jar;C:\Users\abhij\.m2\repository\org\slf4j\slf4j-api\1.7.32\slf4j-api-1.7.32.jar;C:\Users\abhij\.m2\repository\com\beust\jcommander\1.78\jcommander-1.78.jar;C:\Users\abhij\.m2\repository\org\webjars\jquery\3.5.1\jquery-3.5.1.jar;C:\Users\abhij\.m2\repository\org\seleniumhq\selenium\selenium-java\4.9.1\selenium-java-4.9.1.jar;C:\Users\abhij\.m2\repository\org\seleniumhq\selenium\selenium-api\4.9.1\selenium-api-4.9.1.jar;C:\Users\abhij\.m2\repository\org\seleniumhq\selenium\selenium-chrome-driver\4.9.1\selenium-chrome-driver-4.9.1.jar;C:\Users\abhij\.m2\repository\com\google\auto\service\auto-service-annotations\1.0.1\auto-service-annotations-1.0.1.jar;C:\Users\abhij\.m2\repository\com\google\auto\service\auto-service\1.0.1\auto-service-1.0.1.jar;C:\Users\abhij\.m2\repository\com\google\auto\auto-common\1.2\auto-common-1.2.jar;C:\Users\abhij\.m2\repository\com\google\guava\guava\31.1-jre\guava-31.1-jre.jar;C:\Users\abhij\.m2\repository\com\google\guava\failureaccess\1.0.1\failureaccess-1.0.1.jar;C:\Users\abhij\.m2\repository\com\google\guava\listenablefuture\9999.0-empty-to-avoid-conflict-with-guava\listenablefuture-9999.0-empty-to-avoid-conflict-with-guava.jar;C:\Users\abhij\.m2\repository\org\checkerframework\checker-qual\3.12.0\checker-qual-3.12.0.jar;C:\Users\abhij\.m2\repository\com\google\errorprone\error_prone_annotations\2.11.0\error_prone_annotations-2.11.0.jar;C:\Users\abhij\.m2\repository\com\google\j2objc\j2objc-annotations\1.3\j2objc-annotations-1.3.jar;C:\Users\abhij\.m2\repository\org\seleniumhq\selenium\selenium-chromium-driver\4.9.1\sel
Launcher Type: SUN_STANDARD

[Global flags]
     intx CICompilerCount                          = 3                                         {product} {ergonomic}
     uint ConcGCThreads                            = 1                                         {product} {ergonomic}
     uint G1ConcRefinementThreads                  = 4                                         {product} {ergonomic}
   size_t G1HeapRegionSize                         = 1048576                                   {product} {ergonomic}
    uintx GCDrainStackTargetSize                   = 64                                        {product} {ergonomic}
   size_t InitialHeapSize                          = 58720256                                  {product} {ergonomic}
   size_t MarkStackSize                            = 4194304                                   {product} {ergonomic}
   size_t MaxHeapSize                              = 918552576                                 {product} {ergonomic}
   size_t MaxNewSize                               = 550502400                                 {product} {ergonomic}
   size_t MinHeapDeltaBytes                        = 1048576                                   {product} {ergonomic}
    uintx NonNMethodCodeHeapSize                   = 5830732                                {pd product} {ergonomic}
    uintx NonProfiledCodeHeapSize                  = 122913754                              {pd product} {ergonomic}
    uintx ProfiledCodeHeapSize                     = 122913754                              {pd product} {ergonomic}
    uintx ReservedCodeCacheSize                    = 251658240                              {pd product} {ergonomic}
     bool SegmentedCodeCache                       = true                                      {product} {ergonomic}
     bool UseCompressedClassPointers               = true                                 {lp64_product} {ergonomic}
     bool UseCompressedOops                        = true                                 {lp64_product} {ergonomic}
     bool UseG1GC                                  = true                                      {product} {ergonomic}
     bool UseLargePagesIndividualAllocation        = false                                  {pd product} {ergonomic}

Logging:
Log output configuration:
 #0: stdout all=warning uptime,level,tags
 #1: stderr all=off uptime,level,tags

Environment Variables:
JAVA_HOME=C:\Program Files\Java\jdk-11
PATH=C:/eclipse//plugins/org.eclipse.justj.openjdk.hotspot.jre.full.win32.x86_64_17.0.1.v20211116-1657/jre/bin/server;C:/eclipse//plugins/org.eclipse.justj.openjdk.hotspot.jre.full.win32.x86_64_17.0.1.v20211116-1657/jre/bin;C:\Program Files\Common Files\Oracle\Java\javapath;C:\WINDOWS\system32;C:\WINDOWS;C:\WINDOWS\System32\Wbem;C:\WINDOWS\System32\WindowsPowerShell\v1.0\;C:\WINDOWS\System32\OpenSSH\;C:\Program Files\apache-maven-3.9.2\bin;C:\Program Files\Java\jdk-11\bin;"%M2_HOME%\bin;";C:\Program Files\Git\cmd;C:\Program Files\Java\jdk-11\bin;C:\eclipse;
USERNAME=abhij
OS=Windows_NT
PROCESSOR_IDENTIFIER=AMD64 Family 23 Model 24 Stepping 1, AuthenticAMD



---------------  S Y S T E M  ---------------

OS: Windows 11 , 64 bit Build 22621 (10.0.22621.1778)

CPU:total 4 (initial active 4) (4 cores per cpu, 2 threads per core) family 23 model 24 stepping 1 microcode 0x0, cmov, cx8, fxsr, mmx, sse, sse2, sse3, ssse3, sse4.1, sse4.2, popcnt, avx, avx2, aes, clmul, mmxext, 3dnowpref, lzcnt, sse4a, ht, tsc, tscinvbit, tscinv, bmi1, bmi2, adx, s

Memory: 4k page, system-wide physical 3501M (279M free)
TotalPageFile size 14253M (AvailPageFile size 5266M)
current process WorkingSet (physical memory assigned to process): 36M, peak: 137M
current process commit charge ("private bytes"): 176M, peak: 187M

vm_info: Java HotSpot(TM) 64-Bit Server VM (11.0.18+9-LTS-195) for windows-amd64 JRE (11.0.18+9-LTS-195), built on Dec  6 2022 15:50:58 by "mach5one" with MS VC++ 17.1 (VS2022)

END.
